{"C:\\Users\\bonga\\Documents\\EventsApi\\SDP\\Events-Api\\app.js": {"path":"C:\\Users\\bonga\\Documents\\EventsApi\\SDP\\Events-Api\\app.js","statementMap":{"0":{"start":{"line":3,"column":14},"end":{"line":3,"column":32}},"1":{"start":{"line":4,"column":11},"end":{"line":4,"column":26}},"2":{"start":{"line":5,"column":19},"end":{"line":5,"column":43}},"3":{"start":{"line":6,"column":13},"end":{"line":6,"column":30}},"4":{"start":{"line":7,"column":11},"end":{"line":7,"column":26}},"5":{"start":{"line":8,"column":0},"end":{"line":8,"column":27}},"6":{"start":{"line":10,"column":18},"end":{"line":10,"column":47}},"7":{"start":{"line":11,"column":13},"end":{"line":11,"column":30}},"8":{"start":{"line":14,"column":19},"end":{"line":14,"column":49}},"9":{"start":{"line":15,"column":19},"end":{"line":15,"column":49}},"10":{"start":{"line":16,"column":20},"end":{"line":16,"column":51}},"11":{"start":{"line":17,"column":21},"end":{"line":17,"column":53}},"12":{"start":{"line":18,"column":23},"end":{"line":18,"column":57}},"13":{"start":{"line":19,"column":20},"end":{"line":19,"column":51}},"14":{"start":{"line":20,"column":24},"end":{"line":20,"column":78}},"15":{"start":{"line":22,"column":12},"end":{"line":22,"column":21}},"16":{"start":{"line":24,"column":0},"end":{"line":24,"column":23}},"17":{"start":{"line":25,"column":0},"end":{"line":25,"column":24}},"18":{"start":{"line":26,"column":0},"end":{"line":26,"column":48}},"19":{"start":{"line":27,"column":0},"end":{"line":27,"column":24}},"20":{"start":{"line":28,"column":0},"end":{"line":28,"column":56}},"21":{"start":{"line":30,"column":0},"end":{"line":35,"column":4}},"22":{"start":{"line":37,"column":0},"end":{"line":37,"column":69}},"23":{"start":{"line":40,"column":0},"end":{"line":40,"column":72}},"24":{"start":{"line":42,"column":0},"end":{"line":42,"column":33}},"25":{"start":{"line":43,"column":0},"end":{"line":43,"column":33}},"26":{"start":{"line":44,"column":0},"end":{"line":44,"column":36}},"27":{"start":{"line":45,"column":0},"end":{"line":45,"column":38}},"28":{"start":{"line":46,"column":0},"end":{"line":46,"column":41}},"29":{"start":{"line":47,"column":0},"end":{"line":47,"column":35}},"30":{"start":{"line":49,"column":0},"end":{"line":49,"column":21}}},"fnMap":{},"branchMap":{},"s":{"0":4,"1":4,"2":4,"3":4,"4":4,"5":4,"6":4,"7":4,"8":4,"9":4,"10":4,"11":4,"12":4,"13":4,"14":4,"15":4,"16":4,"17":4,"18":4,"19":4,"20":4,"21":4,"22":4,"23":4,"24":4,"25":4,"26":4,"27":4,"28":4,"29":4,"30":4},"f":{},"b":{},"_coverageSchema":"1a1c01bbd47fc00a2c39e90264f33305004495a9","hash":"b8710cf718f358497b1d608fee8aaa00d2bc4a54"}
,"C:\\Users\\bonga\\Documents\\EventsApi\\SDP\\Events-Api\\config\\dbconnect.js": {"path":"C:\\Users\\bonga\\Documents\\EventsApi\\SDP\\Events-Api\\config\\dbconnect.js","statementMap":{"0":{"start":{"line":1,"column":17},"end":{"line":1,"column":36}},"1":{"start":{"line":3,"column":16},"end":{"line":10,"column":1}},"2":{"start":{"line":4,"column":2},"end":{"line":9,"column":3}},"3":{"start":{"line":5,"column":21},"end":{"line":5,"column":66}},"4":{"start":{"line":6,"column":4},"end":{"line":6,"column":20}},"5":{"start":{"line":8,"column":4},"end":{"line":8,"column":52}},"6":{"start":{"line":12,"column":0},"end":{"line":12,"column":25}}},"fnMap":{"0":{"name":"(anonymous_0)","decl":{"start":{"line":3,"column":16},"end":{"line":3,"column":17}},"loc":{"start":{"line":3,"column":28},"end":{"line":10,"column":1}},"line":3}},"branchMap":{},"s":{"0":4,"1":4,"2":5,"3":5,"4":4,"5":1,"6":4},"f":{"0":5},"b":{},"_coverageSchema":"1a1c01bbd47fc00a2c39e90264f33305004495a9","hash":"685f9b96ec8765264beafe8c6a47b20aa38da2cf"}
,"C:\\Users\\bonga\\Documents\\EventsApi\\SDP\\Events-Api\\config\\firebase.js": {"path":"C:\\Users\\bonga\\Documents\\EventsApi\\SDP\\Events-Api\\config\\firebase.js","statementMap":{"0":{"start":{"line":2,"column":14},"end":{"line":2,"column":39}},"1":{"start":{"line":3,"column":23},"end":{"line":3,"column":58}},"2":{"start":{"line":5,"column":0},"end":{"line":7,"column":3}},"3":{"start":{"line":9,"column":0},"end":{"line":9,"column":23}}},"fnMap":{},"branchMap":{},"s":{"0":4,"1":4,"2":4,"3":4},"f":{},"b":{},"_coverageSchema":"1a1c01bbd47fc00a2c39e90264f33305004495a9","hash":"66dc3d488d32dd501980c2f17974e6526ce3468f"}
,"C:\\Users\\bonga\\Documents\\EventsApi\\SDP\\Events-Api\\controllers\\auth.controller.js": {"path":"C:\\Users\\bonga\\Documents\\EventsApi\\SDP\\Events-Api\\controllers\\auth.controller.js","statementMap":{"0":{"start":{"line":1,"column":13},"end":{"line":1,"column":44}},"1":{"start":{"line":2,"column":15},"end":{"line":2,"column":34}},"2":{"start":{"line":3,"column":34},"end":{"line":3,"column":67}},"3":{"start":{"line":4,"column":14},"end":{"line":4,"column":43}},"4":{"start":{"line":5,"column":22},"end":{"line":5,"column":55}},"5":{"start":{"line":7,"column":14},"end":{"line":60,"column":1}},"6":{"start":{"line":8,"column":2},"end":{"line":59,"column":3}},"7":{"start":{"line":9,"column":47},"end":{"line":9,"column":55}},"8":{"start":{"line":11,"column":4},"end":{"line":35,"column":5}},"9":{"start":{"line":12,"column":27},"end":{"line":12,"column":74}},"10":{"start":{"line":13,"column":30},"end":{"line":13,"column":42}},"11":{"start":{"line":15,"column":17},"end":{"line":15,"column":46}},"12":{"start":{"line":17,"column":6},"end":{"line":28,"column":7}},"13":{"start":{"line":18,"column":32},"end":{"line":20,"column":41}},"14":{"start":{"line":21,"column":8},"end":{"line":26,"column":11}},"15":{"start":{"line":27,"column":8},"end":{"line":27,"column":26}},"16":{"start":{"line":30,"column":20},"end":{"line":30,"column":60}},"17":{"start":{"line":32,"column":6},"end":{"line":34,"column":9}},"18":{"start":{"line":37,"column":4},"end":{"line":39,"column":5}},"19":{"start":{"line":38,"column":6},"end":{"line":38,"column":73}},"20":{"start":{"line":41,"column":21},"end":{"line":41,"column":50}},"21":{"start":{"line":42,"column":30},"end":{"line":45,"column":5}},"22":{"start":{"line":47,"column":4},"end":{"line":49,"column":5}},"23":{"start":{"line":48,"column":6},"end":{"line":48,"column":74}},"24":{"start":{"line":51,"column":18},"end":{"line":51,"column":62}},"25":{"start":{"line":53,"column":4},"end":{"line":55,"column":7}},"26":{"start":{"line":58,"column":4},"end":{"line":58,"column":61}},"27":{"start":{"line":62,"column":15},"end":{"line":116,"column":1}},"28":{"start":{"line":63,"column":2},"end":{"line":115,"column":3}},"29":{"start":{"line":64,"column":42},"end":{"line":64,"column":50}},"30":{"start":{"line":65,"column":19},"end":{"line":65,"column":27}},"31":{"start":{"line":68,"column":4},"end":{"line":70,"column":5}},"32":{"start":{"line":69,"column":6},"end":{"line":69,"column":73}},"33":{"start":{"line":72,"column":4},"end":{"line":74,"column":5}},"34":{"start":{"line":73,"column":6},"end":{"line":73,"column":20}},"35":{"start":{"line":76,"column":25},"end":{"line":76,"column":55}},"36":{"start":{"line":78,"column":4},"end":{"line":80,"column":5}},"37":{"start":{"line":79,"column":6},"end":{"line":79,"column":66}},"38":{"start":{"line":82,"column":32},"end":{"line":82,"column":61}},"39":{"start":{"line":83,"column":4},"end":{"line":85,"column":5}},"40":{"start":{"line":84,"column":6},"end":{"line":84,"column":76}},"41":{"start":{"line":87,"column":17},"end":{"line":87,"column":41}},"42":{"start":{"line":88,"column":27},"end":{"line":88,"column":60}},"43":{"start":{"line":91,"column":28},"end":{"line":93,"column":41}},"44":{"start":{"line":94,"column":20},"end":{"line":100,"column":6}},"45":{"start":{"line":102,"column":4},"end":{"line":102,"column":25}},"46":{"start":{"line":104,"column":18},"end":{"line":104,"column":61}},"47":{"start":{"line":106,"column":4},"end":{"line":108,"column":7}},"48":{"start":{"line":111,"column":4},"end":{"line":111,"column":64}},"49":{"start":{"line":114,"column":4},"end":{"line":114,"column":61}},"50":{"start":{"line":118,"column":15},"end":{"line":126,"column":1}},"51":{"start":{"line":119,"column":2},"end":{"line":125,"column":3}},"52":{"start":{"line":120,"column":4},"end":{"line":120,"column":41}},"53":{"start":{"line":121,"column":4},"end":{"line":121,"column":65}},"54":{"start":{"line":124,"column":4},"end":{"line":124,"column":61}},"55":{"start":{"line":128,"column":23},"end":{"line":191,"column":1}},"56":{"start":{"line":129,"column":2},"end":{"line":190,"column":3}},"57":{"start":{"line":130,"column":22},"end":{"line":130,"column":30}},"58":{"start":{"line":132,"column":4},"end":{"line":134,"column":5}},"59":{"start":{"line":133,"column":6},"end":{"line":133,"column":66}},"60":{"start":{"line":136,"column":17},"end":{"line":136,"column":46}},"61":{"start":{"line":138,"column":4},"end":{"line":140,"column":5}},"62":{"start":{"line":139,"column":6},"end":{"line":139,"column":72}},"63":{"start":{"line":142,"column":23},"end":{"line":142,"column":73}},"64":{"start":{"line":143,"column":17},"end":{"line":143,"column":50}},"65":{"start":{"line":147,"column":4},"end":{"line":147,"column":35}},"66":{"start":{"line":148,"column":4},"end":{"line":148,"column":53}},"67":{"start":{"line":149,"column":4},"end":{"line":149,"column":22}},"68":{"start":{"line":151,"column":24},"end":{"line":173,"column":5}},"69":{"start":{"line":175,"column":21},"end":{"line":179,"column":5}},"70":{"start":{"line":180,"column":4},"end":{"line":186,"column":5}},"71":{"start":{"line":181,"column":6},"end":{"line":181,"column":69}},"72":{"start":{"line":183,"column":6},"end":{"line":185,"column":71}},"73":{"start":{"line":188,"column":4},"end":{"line":188,"column":72}},"74":{"start":{"line":189,"column":4},"end":{"line":189,"column":61}},"75":{"start":{"line":193,"column":22},"end":{"line":223,"column":1}},"76":{"start":{"line":194,"column":2},"end":{"line":222,"column":3}},"77":{"start":{"line":195,"column":27},"end":{"line":195,"column":37}},"78":{"start":{"line":196,"column":22},"end":{"line":196,"column":30}},"79":{"start":{"line":198,"column":4},"end":{"line":202,"column":5}},"80":{"start":{"line":199,"column":6},"end":{"line":201,"column":63}},"81":{"start":{"line":204,"column":17},"end":{"line":207,"column":6}},"82":{"start":{"line":209,"column":4},"end":{"line":211,"column":5}},"83":{"start":{"line":210,"column":6},"end":{"line":210,"column":73}},"84":{"start":{"line":213,"column":20},"end":{"line":213,"column":77}},"85":{"start":{"line":214,"column":4},"end":{"line":216,"column":5}},"86":{"start":{"line":215,"column":6},"end":{"line":215,"column":79}},"87":{"start":{"line":218,"column":4},"end":{"line":218,"column":77}},"88":{"start":{"line":221,"column":4},"end":{"line":221,"column":61}},"89":{"start":{"line":225,"column":23},"end":{"line":250,"column":1}},"90":{"start":{"line":226,"column":2},"end":{"line":249,"column":3}},"91":{"start":{"line":227,"column":36},"end":{"line":227,"column":44}},"92":{"start":{"line":228,"column":4},"end":{"line":230,"column":5}},"93":{"start":{"line":229,"column":6},"end":{"line":229,"column":73}},"94":{"start":{"line":232,"column":17},"end":{"line":232,"column":44}},"95":{"start":{"line":233,"column":4},"end":{"line":235,"column":5}},"96":{"start":{"line":234,"column":6},"end":{"line":234,"column":63}},"97":{"start":{"line":237,"column":17},"end":{"line":237,"column":41}},"98":{"start":{"line":238,"column":27},"end":{"line":238,"column":63}},"99":{"start":{"line":240,"column":4},"end":{"line":240,"column":35}},"100":{"start":{"line":241,"column":4},"end":{"line":241,"column":40}},"101":{"start":{"line":242,"column":4},"end":{"line":242,"column":42}},"102":{"start":{"line":243,"column":4},"end":{"line":243,"column":22}},"103":{"start":{"line":245,"column":4},"end":{"line":245,"column":71}},"104":{"start":{"line":248,"column":4},"end":{"line":248,"column":61}},"105":{"start":{"line":252,"column":0},"end":{"line":259,"column":2}}},"fnMap":{"0":{"name":"(anonymous_0)","decl":{"start":{"line":7,"column":14},"end":{"line":7,"column":15}},"loc":{"start":{"line":7,"column":34},"end":{"line":60,"column":1}},"line":7},"1":{"name":"(anonymous_1)","decl":{"start":{"line":62,"column":15},"end":{"line":62,"column":16}},"loc":{"start":{"line":62,"column":35},"end":{"line":116,"column":1}},"line":62},"2":{"name":"(anonymous_2)","decl":{"start":{"line":118,"column":15},"end":{"line":118,"column":16}},"loc":{"start":{"line":118,"column":35},"end":{"line":126,"column":1}},"line":118},"3":{"name":"(anonymous_3)","decl":{"start":{"line":128,"column":23},"end":{"line":128,"column":24}},"loc":{"start":{"line":128,"column":43},"end":{"line":191,"column":1}},"line":128},"4":{"name":"(anonymous_4)","decl":{"start":{"line":193,"column":22},"end":{"line":193,"column":23}},"loc":{"start":{"line":193,"column":42},"end":{"line":223,"column":1}},"line":193},"5":{"name":"(anonymous_5)","decl":{"start":{"line":225,"column":23},"end":{"line":225,"column":24}},"loc":{"start":{"line":225,"column":43},"end":{"line":250,"column":1}},"line":225}},"branchMap":{"0":{"loc":{"start":{"line":11,"column":4},"end":{"line":35,"column":5}},"type":"if","locations":[{"start":{"line":11,"column":4},"end":{"line":35,"column":5}},{"start":{},"end":{}}],"line":11},"1":{"loc":{"start":{"line":17,"column":6},"end":{"line":28,"column":7}},"type":"if","locations":[{"start":{"line":17,"column":6},"end":{"line":28,"column":7}},{"start":{},"end":{}}],"line":17},"2":{"loc":{"start":{"line":37,"column":4},"end":{"line":39,"column":5}},"type":"if","locations":[{"start":{"line":37,"column":4},"end":{"line":39,"column":5}},{"start":{},"end":{}}],"line":37},"3":{"loc":{"start":{"line":37,"column":8},"end":{"line":37,"column":27}},"type":"binary-expr","locations":[{"start":{"line":37,"column":8},"end":{"line":37,"column":14}},{"start":{"line":37,"column":18},"end":{"line":37,"column":27}}],"line":37},"4":{"loc":{"start":{"line":44,"column":6},"end":{"line":44,"column":30}},"type":"binary-expr","locations":[{"start":{"line":44,"column":6},"end":{"line":44,"column":24}},{"start":{"line":44,"column":28},"end":{"line":44,"column":30}}],"line":44},"5":{"loc":{"start":{"line":47,"column":4},"end":{"line":49,"column":5}},"type":"if","locations":[{"start":{"line":47,"column":4},"end":{"line":49,"column":5}},{"start":{},"end":{}}],"line":47},"6":{"loc":{"start":{"line":47,"column":8},"end":{"line":47,"column":39}},"type":"binary-expr","locations":[{"start":{"line":47,"column":8},"end":{"line":47,"column":17}},{"start":{"line":47,"column":21},"end":{"line":47,"column":39}}],"line":47},"7":{"loc":{"start":{"line":68,"column":4},"end":{"line":70,"column":5}},"type":"if","locations":[{"start":{"line":68,"column":4},"end":{"line":70,"column":5}},{"start":{},"end":{}}],"line":68},"8":{"loc":{"start":{"line":68,"column":8},"end":{"line":68,"column":40}},"type":"binary-expr","locations":[{"start":{"line":68,"column":8},"end":{"line":68,"column":17}},{"start":{"line":68,"column":21},"end":{"line":68,"column":27}},{"start":{"line":68,"column":31},"end":{"line":68,"column":40}}],"line":68},"9":{"loc":{"start":{"line":72,"column":4},"end":{"line":74,"column":5}},"type":"if","locations":[{"start":{"line":72,"column":4},"end":{"line":74,"column":5}},{"start":{},"end":{}}],"line":72},"10":{"loc":{"start":{"line":78,"column":4},"end":{"line":80,"column":5}},"type":"if","locations":[{"start":{"line":78,"column":4},"end":{"line":80,"column":5}},{"start":{},"end":{}}],"line":78},"11":{"loc":{"start":{"line":83,"column":4},"end":{"line":85,"column":5}},"type":"if","locations":[{"start":{"line":83,"column":4},"end":{"line":85,"column":5}},{"start":{},"end":{}}],"line":83},"12":{"loc":{"start":{"line":132,"column":4},"end":{"line":134,"column":5}},"type":"if","locations":[{"start":{"line":132,"column":4},"end":{"line":134,"column":5}},{"start":{},"end":{}}],"line":132},"13":{"loc":{"start":{"line":138,"column":4},"end":{"line":140,"column":5}},"type":"if","locations":[{"start":{"line":138,"column":4},"end":{"line":140,"column":5}},{"start":{},"end":{}}],"line":138},"14":{"loc":{"start":{"line":158,"column":30},"end":{"line":158,"column":53}},"type":"binary-expr","locations":[{"start":{"line":158,"column":30},"end":{"line":158,"column":43}},{"start":{"line":158,"column":47},"end":{"line":158,"column":53}}],"line":158},"15":{"loc":{"start":{"line":180,"column":4},"end":{"line":186,"column":5}},"type":"if","locations":[{"start":{"line":180,"column":4},"end":{"line":186,"column":5}},{"start":{"line":182,"column":11},"end":{"line":186,"column":5}}],"line":180},"16":{"loc":{"start":{"line":198,"column":4},"end":{"line":202,"column":5}},"type":"if","locations":[{"start":{"line":198,"column":4},"end":{"line":202,"column":5}},{"start":{},"end":{}}],"line":198},"17":{"loc":{"start":{"line":198,"column":8},"end":{"line":198,"column":29}},"type":"binary-expr","locations":[{"start":{"line":198,"column":8},"end":{"line":198,"column":19}},{"start":{"line":198,"column":23},"end":{"line":198,"column":29}}],"line":198},"18":{"loc":{"start":{"line":209,"column":4},"end":{"line":211,"column":5}},"type":"if","locations":[{"start":{"line":209,"column":4},"end":{"line":211,"column":5}},{"start":{},"end":{}}],"line":209},"19":{"loc":{"start":{"line":214,"column":4},"end":{"line":216,"column":5}},"type":"if","locations":[{"start":{"line":214,"column":4},"end":{"line":216,"column":5}},{"start":{},"end":{}}],"line":214},"20":{"loc":{"start":{"line":228,"column":4},"end":{"line":230,"column":5}},"type":"if","locations":[{"start":{"line":228,"column":4},"end":{"line":230,"column":5}},{"start":{},"end":{}}],"line":228},"21":{"loc":{"start":{"line":228,"column":8},"end":{"line":228,"column":31}},"type":"binary-expr","locations":[{"start":{"line":228,"column":8},"end":{"line":228,"column":15}},{"start":{"line":228,"column":19},"end":{"line":228,"column":31}}],"line":228},"22":{"loc":{"start":{"line":233,"column":4},"end":{"line":235,"column":5}},"type":"if","locations":[{"start":{"line":233,"column":4},"end":{"line":235,"column":5}},{"start":{},"end":{}}],"line":233}},"s":{"0":4,"1":4,"2":4,"3":4,"4":4,"5":4,"6":12,"7":12,"8":12,"9":0,"10":0,"11":0,"12":0,"13":0,"14":0,"15":0,"16":0,"17":0,"18":12,"19":3,"20":9,"21":8,"22":8,"23":2,"24":6,"25":6,"26":1,"27":4,"28":0,"29":0,"30":0,"31":0,"32":0,"33":0,"34":0,"35":0,"36":0,"37":0,"38":0,"39":0,"40":0,"41":0,"42":0,"43":0,"44":0,"45":0,"46":0,"47":0,"48":0,"49":0,"50":4,"51":2,"52":2,"53":1,"54":1,"55":4,"56":0,"57":0,"58":0,"59":0,"60":0,"61":0,"62":0,"63":0,"64":0,"65":0,"66":0,"67":0,"68":0,"69":0,"70":0,"71":0,"72":0,"73":0,"74":0,"75":4,"76":0,"77":0,"78":0,"79":0,"80":0,"81":0,"82":0,"83":0,"84":0,"85":0,"86":0,"87":0,"88":0,"89":4,"90":0,"91":0,"92":0,"93":0,"94":0,"95":0,"96":0,"97":0,"98":0,"99":0,"100":0,"101":0,"102":0,"103":0,"104":0,"105":4},"f":{"0":12,"1":0,"2":2,"3":0,"4":0,"5":0},"b":{"0":[0,12],"1":[0,0],"2":[3,9],"3":[12,10],"4":[8,1],"5":[2,6],"6":[8,7],"7":[0,0],"8":[0,0,0],"9":[0,0],"10":[0,0],"11":[0,0],"12":[0,0],"13":[0,0],"14":[0,0],"15":[0,0],"16":[0,0],"17":[0,0],"18":[0,0],"19":[0,0],"20":[0,0],"21":[0,0],"22":[0,0]},"_coverageSchema":"1a1c01bbd47fc00a2c39e90264f33305004495a9","hash":"52bd73be56c151abd75389d63b78788c91e49684"}
,"C:\\Users\\bonga\\Documents\\EventsApi\\SDP\\Events-Api\\controllers\\category.controller.js": {"path":"C:\\Users\\bonga\\Documents\\EventsApi\\SDP\\Events-Api\\controllers\\category.controller.js","statementMap":{"0":{"start":{"line":1,"column":17},"end":{"line":1,"column":57}},"1":{"start":{"line":2,"column":24},"end":{"line":2,"column":53}},"2":{"start":{"line":3,"column":13},"end":{"line":3,"column":28}},"3":{"start":{"line":4,"column":11},"end":{"line":4,"column":24}},"4":{"start":{"line":8,"column":25},"end":{"line":16,"column":1}},"5":{"start":{"line":9,"column":2},"end":{"line":15,"column":3}},"6":{"start":{"line":10,"column":23},"end":{"line":10,"column":44}},"7":{"start":{"line":11,"column":4},"end":{"line":11,"column":25}},"8":{"start":{"line":13,"column":4},"end":{"line":13,"column":55}},"9":{"start":{"line":14,"column":4},"end":{"line":14,"column":52}},"10":{"start":{"line":19,"column":20},"end":{"line":55,"column":1}},"11":{"start":{"line":20,"column":21},"end":{"line":20,"column":29}},"12":{"start":{"line":21,"column":22},"end":{"line":21,"column":30}},"13":{"start":{"line":23,"column":4},"end":{"line":54,"column":5}},"14":{"start":{"line":25,"column":6},"end":{"line":27,"column":7}},"15":{"start":{"line":26,"column":8},"end":{"line":26,"column":77}},"16":{"start":{"line":30,"column":6},"end":{"line":32,"column":7}},"17":{"start":{"line":31,"column":8},"end":{"line":31,"column":77}},"18":{"start":{"line":35,"column":24},"end":{"line":35,"column":81}},"19":{"start":{"line":38,"column":23},"end":{"line":38,"column":51}},"20":{"start":{"line":41,"column":6},"end":{"line":45,"column":9}},"21":{"start":{"line":42,"column":8},"end":{"line":44,"column":9}},"22":{"start":{"line":43,"column":10},"end":{"line":43,"column":66}},"23":{"start":{"line":48,"column":26},"end":{"line":48,"column":65}},"24":{"start":{"line":49,"column":6},"end":{"line":49,"column":31}},"25":{"start":{"line":50,"column":6},"end":{"line":50,"column":40}},"26":{"start":{"line":52,"column":6},"end":{"line":52,"column":53}},"27":{"start":{"line":53,"column":6},"end":{"line":53,"column":64}},"28":{"start":{"line":58,"column":23},"end":{"line":103,"column":1}},"29":{"start":{"line":59,"column":19},"end":{"line":59,"column":29}},"30":{"start":{"line":60,"column":21},"end":{"line":60,"column":29}},"31":{"start":{"line":61,"column":22},"end":{"line":61,"column":30}},"32":{"start":{"line":63,"column":4},"end":{"line":102,"column":5}},"33":{"start":{"line":65,"column":6},"end":{"line":67,"column":7}},"34":{"start":{"line":66,"column":8},"end":{"line":66,"column":77}},"35":{"start":{"line":69,"column":21},"end":{"line":69,"column":25}},"36":{"start":{"line":70,"column":6},"end":{"line":82,"column":7}},"37":{"start":{"line":71,"column":26},"end":{"line":71,"column":83}},"38":{"start":{"line":74,"column":8},"end":{"line":74,"column":48}},"39":{"start":{"line":77,"column":8},"end":{"line":81,"column":11}},"40":{"start":{"line":78,"column":10},"end":{"line":80,"column":11}},"41":{"start":{"line":79,"column":12},"end":{"line":79,"column":68}},"42":{"start":{"line":85,"column":30},"end":{"line":92,"column":7}},"43":{"start":{"line":94,"column":6},"end":{"line":96,"column":7}},"44":{"start":{"line":95,"column":8},"end":{"line":95,"column":69}},"45":{"start":{"line":98,"column":6},"end":{"line":98,"column":32}},"46":{"start":{"line":100,"column":6},"end":{"line":100,"column":55}},"47":{"start":{"line":101,"column":6},"end":{"line":101,"column":67}},"48":{"start":{"line":106,"column":23},"end":{"line":120,"column":1}},"49":{"start":{"line":107,"column":17},"end":{"line":107,"column":27}},"50":{"start":{"line":109,"column":2},"end":{"line":119,"column":3}},"51":{"start":{"line":110,"column":28},"end":{"line":110,"column":64}},"52":{"start":{"line":111,"column":4},"end":{"line":113,"column":5}},"53":{"start":{"line":112,"column":6},"end":{"line":112,"column":67}},"54":{"start":{"line":115,"column":4},"end":{"line":115,"column":27}},"55":{"start":{"line":117,"column":4},"end":{"line":117,"column":53}},"56":{"start":{"line":118,"column":4},"end":{"line":118,"column":65}},"57":{"start":{"line":122,"column":0},"end":{"line":127,"column":2}}},"fnMap":{"0":{"name":"(anonymous_0)","decl":{"start":{"line":8,"column":25},"end":{"line":8,"column":26}},"loc":{"start":{"line":8,"column":45},"end":{"line":16,"column":1}},"line":8},"1":{"name":"(anonymous_1)","decl":{"start":{"line":19,"column":20},"end":{"line":19,"column":21}},"loc":{"start":{"line":19,"column":40},"end":{"line":55,"column":1}},"line":19},"2":{"name":"(anonymous_2)","decl":{"start":{"line":41,"column":27},"end":{"line":41,"column":28}},"loc":{"start":{"line":41,"column":36},"end":{"line":45,"column":7}},"line":41},"3":{"name":"(anonymous_3)","decl":{"start":{"line":58,"column":23},"end":{"line":58,"column":24}},"loc":{"start":{"line":58,"column":43},"end":{"line":103,"column":1}},"line":58},"4":{"name":"(anonymous_4)","decl":{"start":{"line":77,"column":29},"end":{"line":77,"column":30}},"loc":{"start":{"line":77,"column":38},"end":{"line":81,"column":9}},"line":77},"5":{"name":"(anonymous_5)","decl":{"start":{"line":106,"column":23},"end":{"line":106,"column":24}},"loc":{"start":{"line":106,"column":43},"end":{"line":120,"column":1}},"line":106}},"branchMap":{"0":{"loc":{"start":{"line":25,"column":6},"end":{"line":27,"column":7}},"type":"if","locations":[{"start":{"line":25,"column":6},"end":{"line":27,"column":7}},{"start":{},"end":{}}],"line":25},"1":{"loc":{"start":{"line":30,"column":6},"end":{"line":32,"column":7}},"type":"if","locations":[{"start":{"line":30,"column":6},"end":{"line":32,"column":7}},{"start":{},"end":{}}],"line":30},"2":{"loc":{"start":{"line":42,"column":8},"end":{"line":44,"column":9}},"type":"if","locations":[{"start":{"line":42,"column":8},"end":{"line":44,"column":9}},{"start":{},"end":{}}],"line":42},"3":{"loc":{"start":{"line":65,"column":6},"end":{"line":67,"column":7}},"type":"if","locations":[{"start":{"line":65,"column":6},"end":{"line":67,"column":7}},{"start":{},"end":{}}],"line":65},"4":{"loc":{"start":{"line":70,"column":6},"end":{"line":82,"column":7}},"type":"if","locations":[{"start":{"line":70,"column":6},"end":{"line":82,"column":7}},{"start":{},"end":{}}],"line":70},"5":{"loc":{"start":{"line":78,"column":10},"end":{"line":80,"column":11}},"type":"if","locations":[{"start":{"line":78,"column":10},"end":{"line":80,"column":11}},{"start":{},"end":{}}],"line":78},"6":{"loc":{"start":{"line":89,"column":17},"end":{"line":89,"column":57}},"type":"cond-expr","locations":[{"start":{"line":89,"column":37},"end":{"line":89,"column":45}},{"start":{"line":89,"column":48},"end":{"line":89,"column":57}}],"line":89},"7":{"loc":{"start":{"line":94,"column":6},"end":{"line":96,"column":7}},"type":"if","locations":[{"start":{"line":94,"column":6},"end":{"line":96,"column":7}},{"start":{},"end":{}}],"line":94},"8":{"loc":{"start":{"line":111,"column":4},"end":{"line":113,"column":5}},"type":"if","locations":[{"start":{"line":111,"column":4},"end":{"line":113,"column":5}},{"start":{},"end":{}}],"line":111}},"s":{"0":4,"1":4,"2":4,"3":4,"4":4,"5":0,"6":0,"7":0,"8":0,"9":0,"10":4,"11":0,"12":0,"13":0,"14":0,"15":0,"16":0,"17":0,"18":0,"19":0,"20":0,"21":0,"22":0,"23":0,"24":0,"25":0,"26":0,"27":0,"28":4,"29":0,"30":0,"31":0,"32":0,"33":0,"34":0,"35":0,"36":0,"37":0,"38":0,"39":0,"40":0,"41":0,"42":0,"43":0,"44":0,"45":0,"46":0,"47":0,"48":4,"49":0,"50":0,"51":0,"52":0,"53":0,"54":0,"55":0,"56":0,"57":4},"f":{"0":0,"1":0,"2":0,"3":0,"4":0,"5":0},"b":{"0":[0,0],"1":[0,0],"2":[0,0],"3":[0,0],"4":[0,0],"5":[0,0],"6":[0,0],"7":[0,0],"8":[0,0]},"_coverageSchema":"1a1c01bbd47fc00a2c39e90264f33305004495a9","hash":"8f1f43d6633c7bce8ec920eed7974a16a36ed592"}
,"C:\\Users\\bonga\\Documents\\EventsApi\\SDP\\Events-Api\\controllers\\events.controller.js": {"path":"C:\\Users\\bonga\\Documents\\EventsApi\\SDP\\Events-Api\\controllers\\events.controller.js","statementMap":{"0":{"start":{"line":1,"column":14},"end":{"line":1,"column":46}},"1":{"start":{"line":2,"column":17},"end":{"line":2,"column":57}},"2":{"start":{"line":3,"column":23},"end":{"line":3,"column":64}},"3":{"start":{"line":4,"column":24},"end":{"line":4,"column":53}},"4":{"start":{"line":5,"column":13},"end":{"line":5,"column":28}},"5":{"start":{"line":6,"column":11},"end":{"line":6,"column":24}},"6":{"start":{"line":7,"column":18},"end":{"line":7,"column":49}},"7":{"start":{"line":8,"column":24},"end":{"line":8,"column":59}},"8":{"start":{"line":10,"column":24},"end":{"line":15,"column":1}},"9":{"start":{"line":12,"column":27},"end":{"line":12,"column":54}},"10":{"start":{"line":13,"column":25},"end":{"line":13,"column":52}},"11":{"start":{"line":14,"column":2},"end":{"line":14,"column":52}},"12":{"start":{"line":18,"column":18},"end":{"line":39,"column":5}},"13":{"start":{"line":19,"column":2},"end":{"line":39,"column":5}},"14":{"start":{"line":19,"column":25},"end":{"line":39,"column":3}},"15":{"start":{"line":41,"column":18},"end":{"line":59,"column":1}},"16":{"start":{"line":42,"column":2},"end":{"line":58,"column":3}},"17":{"start":{"line":43,"column":19},"end":{"line":46,"column":27}},"18":{"start":{"line":48,"column":22},"end":{"line":48,"column":39}},"19":{"start":{"line":50,"column":4},"end":{"line":54,"column":7}},"20":{"start":{"line":57,"column":4},"end":{"line":57,"column":61}},"21":{"start":{"line":61,"column":17},"end":{"line":79,"column":1}},"22":{"start":{"line":62,"column":2},"end":{"line":78,"column":3}},"23":{"start":{"line":63,"column":19},"end":{"line":66,"column":27}},"24":{"start":{"line":68,"column":22},"end":{"line":68,"column":39}},"25":{"start":{"line":70,"column":4},"end":{"line":74,"column":7}},"26":{"start":{"line":77,"column":4},"end":{"line":77,"column":61}},"27":{"start":{"line":81,"column":17},"end":{"line":93,"column":1}},"28":{"start":{"line":82,"column":17},"end":{"line":82,"column":29}},"29":{"start":{"line":83,"column":2},"end":{"line":92,"column":3}},"30":{"start":{"line":84,"column":19},"end":{"line":87,"column":27}},"31":{"start":{"line":88,"column":4},"end":{"line":88,"column":44}},"32":{"start":{"line":91,"column":4},"end":{"line":91,"column":61}},"33":{"start":{"line":95,"column":26},"end":{"line":119,"column":1}},"34":{"start":{"line":96,"column":2},"end":{"line":118,"column":3}},"35":{"start":{"line":97,"column":20},"end":{"line":97,"column":50}},"36":{"start":{"line":98,"column":17},"end":{"line":100,"column":27}},"37":{"start":{"line":102,"column":16},"end":{"line":102,"column":26}},"38":{"start":{"line":103,"column":4},"end":{"line":106,"column":7}},"39":{"start":{"line":104,"column":29},"end":{"line":104,"column":74}},"40":{"start":{"line":105,"column":6},"end":{"line":105,"column":35}},"41":{"start":{"line":108,"column":22},"end":{"line":108,"column":39}},"42":{"start":{"line":110,"column":4},"end":{"line":114,"column":7}},"43":{"start":{"line":117,"column":4},"end":{"line":117,"column":61}},"44":{"start":{"line":121,"column":28},"end":{"line":147,"column":1}},"45":{"start":{"line":122,"column":2},"end":{"line":146,"column":3}},"46":{"start":{"line":123,"column":20},"end":{"line":123,"column":50}},"47":{"start":{"line":125,"column":17},"end":{"line":127,"column":27}},"48":{"start":{"line":129,"column":16},"end":{"line":129,"column":26}},"49":{"start":{"line":130,"column":4},"end":{"line":134,"column":7}},"50":{"start":{"line":131,"column":29},"end":{"line":131,"column":74}},"51":{"start":{"line":132,"column":27},"end":{"line":132,"column":70}},"52":{"start":{"line":133,"column":6},"end":{"line":133,"column":58}},"53":{"start":{"line":136,"column":22},"end":{"line":136,"column":39}},"54":{"start":{"line":138,"column":4},"end":{"line":142,"column":7}},"55":{"start":{"line":145,"column":4},"end":{"line":145,"column":61}},"56":{"start":{"line":149,"column":22},"end":{"line":174,"column":1}},"57":{"start":{"line":150,"column":2},"end":{"line":173,"column":3}},"58":{"start":{"line":151,"column":20},"end":{"line":151,"column":50}},"59":{"start":{"line":153,"column":17},"end":{"line":155,"column":27}},"60":{"start":{"line":157,"column":16},"end":{"line":157,"column":26}},"61":{"start":{"line":158,"column":4},"end":{"line":161,"column":7}},"62":{"start":{"line":159,"column":27},"end":{"line":159,"column":70}},"63":{"start":{"line":160,"column":6},"end":{"line":160,"column":32}},"64":{"start":{"line":163,"column":22},"end":{"line":163,"column":39}},"65":{"start":{"line":165,"column":4},"end":{"line":169,"column":7}},"66":{"start":{"line":172,"column":4},"end":{"line":172,"column":61}},"67":{"start":{"line":176,"column":25},"end":{"line":197,"column":1}},"68":{"start":{"line":177,"column":2},"end":{"line":196,"column":3}},"69":{"start":{"line":178,"column":17},"end":{"line":180,"column":27}},"70":{"start":{"line":182,"column":4},"end":{"line":182,"column":78}},"71":{"start":{"line":182,"column":35},"end":{"line":182,"column":76}},"72":{"start":{"line":184,"column":26},"end":{"line":184,"column":44}},"73":{"start":{"line":186,"column":22},"end":{"line":186,"column":46}},"74":{"start":{"line":188,"column":4},"end":{"line":192,"column":7}},"75":{"start":{"line":195,"column":4},"end":{"line":195,"column":61}},"76":{"start":{"line":199,"column":29},"end":{"line":240,"column":1}},"77":{"start":{"line":200,"column":2},"end":{"line":239,"column":3}},"78":{"start":{"line":201,"column":19},"end":{"line":201,"column":49}},"79":{"start":{"line":203,"column":4},"end":{"line":205,"column":5}},"80":{"start":{"line":204,"column":6},"end":{"line":204,"column":71}},"81":{"start":{"line":208,"column":27},"end":{"line":210,"column":37}},"82":{"start":{"line":212,"column":4},"end":{"line":216,"column":5}},"83":{"start":{"line":213,"column":6},"end":{"line":215,"column":72}},"84":{"start":{"line":218,"column":19},"end":{"line":223,"column":27}},"85":{"start":{"line":226,"column":30},"end":{"line":228,"column":18}},"86":{"start":{"line":227,"column":22},"end":{"line":227,"column":57}},"87":{"start":{"line":229,"column":22},"end":{"line":229,"column":50}},"88":{"start":{"line":231,"column":4},"end":{"line":235,"column":7}},"89":{"start":{"line":238,"column":4},"end":{"line":238,"column":61}},"90":{"start":{"line":242,"column":16},"end":{"line":309,"column":1}},"91":{"start":{"line":243,"column":20},"end":{"line":243,"column":29}},"92":{"start":{"line":246,"column":2},"end":{"line":248,"column":3}},"93":{"start":{"line":247,"column":4},"end":{"line":247,"column":74}},"94":{"start":{"line":250,"column":2},"end":{"line":308,"column":3}},"95":{"start":{"line":252,"column":19},"end":{"line":271,"column":6}},"96":{"start":{"line":273,"column":4},"end":{"line":275,"column":5}},"97":{"start":{"line":274,"column":6},"end":{"line":274,"column":48}},"98":{"start":{"line":278,"column":20},"end":{"line":278,"column":56}},"99":{"start":{"line":278,"column":42},"end":{"line":278,"column":55}},"100":{"start":{"line":281,"column":18},"end":{"line":284,"column":5}},"101":{"start":{"line":287,"column":20},"end":{"line":290,"column":10}},"102":{"start":{"line":288,"column":6},"end":{"line":288,"column":27}},"103":{"start":{"line":289,"column":6},"end":{"line":289,"column":17}},"104":{"start":{"line":293,"column":30},"end":{"line":297,"column":7}},"105":{"start":{"line":293,"column":53},"end":{"line":297,"column":5}},"106":{"start":{"line":299,"column":17},"end":{"line":299,"column":45}},"107":{"start":{"line":301,"column":4},"end":{"line":304,"column":20}},"108":{"start":{"line":307,"column":4},"end":{"line":307,"column":52}},"109":{"start":{"line":311,"column":13},"end":{"line":354,"column":1}},"110":{"start":{"line":312,"column":2},"end":{"line":353,"column":3}},"111":{"start":{"line":313,"column":49},"end":{"line":313,"column":58}},"112":{"start":{"line":315,"column":20},"end":{"line":315,"column":50}},"113":{"start":{"line":317,"column":17},"end":{"line":320,"column":6}},"114":{"start":{"line":322,"column":4},"end":{"line":337,"column":5}},"115":{"start":{"line":324,"column":8},"end":{"line":324,"column":71}},"116":{"start":{"line":324,"column":39},"end":{"line":324,"column":69}},"117":{"start":{"line":325,"column":8},"end":{"line":325,"column":14}},"118":{"start":{"line":327,"column":8},"end":{"line":327,"column":72}},"119":{"start":{"line":327,"column":39},"end":{"line":327,"column":70}},"120":{"start":{"line":328,"column":8},"end":{"line":328,"column":14}},"121":{"start":{"line":331,"column":8},"end":{"line":335,"column":11}},"122":{"start":{"line":332,"column":24},"end":{"line":332,"column":61}},"123":{"start":{"line":333,"column":24},"end":{"line":333,"column":61}},"124":{"start":{"line":334,"column":10},"end":{"line":334,"column":31}},"125":{"start":{"line":336,"column":8},"end":{"line":336,"column":14}},"126":{"start":{"line":339,"column":4},"end":{"line":341,"column":5}},"127":{"start":{"line":340,"column":6},"end":{"line":340,"column":32}},"128":{"start":{"line":343,"column":22},"end":{"line":343,"column":39}},"129":{"start":{"line":345,"column":4},"end":{"line":349,"column":7}},"130":{"start":{"line":352,"column":4},"end":{"line":352,"column":61}},"131":{"start":{"line":358,"column":21},"end":{"line":414,"column":1}},"132":{"start":{"line":359,"column":2},"end":{"line":413,"column":3}},"133":{"start":{"line":360,"column":20},"end":{"line":360,"column":33}},"134":{"start":{"line":363,"column":4},"end":{"line":365,"column":5}},"135":{"start":{"line":364,"column":6},"end":{"line":364,"column":69}},"136":{"start":{"line":368,"column":16},"end":{"line":370,"column":27}},"137":{"start":{"line":373,"column":4},"end":{"line":377,"column":5}},"138":{"start":{"line":374,"column":6},"end":{"line":376,"column":30}},"139":{"start":{"line":380,"column":4},"end":{"line":382,"column":5}},"140":{"start":{"line":381,"column":6},"end":{"line":381,"column":64}},"141":{"start":{"line":385,"column":4},"end":{"line":409,"column":7}},"142":{"start":{"line":412,"column":4},"end":{"line":412,"column":61}},"143":{"start":{"line":418,"column":20},"end":{"line":592,"column":1}},"144":{"start":{"line":419,"column":2},"end":{"line":591,"column":3}},"145":{"start":{"line":420,"column":19},"end":{"line":420,"column":29}},"146":{"start":{"line":435,"column":8},"end":{"line":435,"column":16}},"147":{"start":{"line":438,"column":4},"end":{"line":452,"column":5}},"148":{"start":{"line":449,"column":6},"end":{"line":451,"column":64}},"149":{"start":{"line":455,"column":26},"end":{"line":455,"column":62}},"150":{"start":{"line":456,"column":30},"end":{"line":456,"column":76}},"151":{"start":{"line":459,"column":16},"end":{"line":459,"column":17}},"152":{"start":{"line":460,"column":14},"end":{"line":460,"column":15}},"153":{"start":{"line":462,"column":4},"end":{"line":478,"column":5}},"154":{"start":{"line":463,"column":6},"end":{"line":463,"column":38}},"155":{"start":{"line":464,"column":6},"end":{"line":464,"column":33}},"156":{"start":{"line":467,"column":6},"end":{"line":469,"column":7}},"157":{"start":{"line":468,"column":8},"end":{"line":468,"column":16}},"158":{"start":{"line":472,"column":6},"end":{"line":477,"column":7}},"159":{"start":{"line":473,"column":8},"end":{"line":476,"column":11}},"160":{"start":{"line":481,"column":24},"end":{"line":483,"column":28}},"161":{"start":{"line":487,"column":6},"end":{"line":492,"column":30}},"162":{"start":{"line":493,"column":4},"end":{"line":497,"column":5}},"163":{"start":{"line":494,"column":6},"end":{"line":496,"column":63}},"164":{"start":{"line":500,"column":4},"end":{"line":500,"column":24}},"165":{"start":{"line":501,"column":4},"end":{"line":501,"column":36}},"166":{"start":{"line":502,"column":4},"end":{"line":502,"column":30}},"167":{"start":{"line":503,"column":4},"end":{"line":503,"column":22}},"168":{"start":{"line":504,"column":4},"end":{"line":504,"column":33}},"169":{"start":{"line":505,"column":4},"end":{"line":505,"column":29}},"170":{"start":{"line":506,"column":4},"end":{"line":506,"column":34}},"171":{"start":{"line":507,"column":4},"end":{"line":509,"column":10}},"172":{"start":{"line":510,"column":4},"end":{"line":510,"column":45}},"173":{"start":{"line":511,"column":4},"end":{"line":511,"column":69}},"174":{"start":{"line":512,"column":4},"end":{"line":512,"column":33}},"175":{"start":{"line":513,"column":4},"end":{"line":513,"column":42}},"176":{"start":{"line":517,"column":4},"end":{"line":517,"column":23}},"177":{"start":{"line":518,"column":25},"end":{"line":520,"column":27}},"178":{"start":{"line":522,"column":20},"end":{"line":562,"column":9}},"179":{"start":{"line":550,"column":30},"end":{"line":550,"column":36}},"180":{"start":{"line":564,"column":4},"end":{"line":564,"column":42}},"181":{"start":{"line":567,"column":4},"end":{"line":587,"column":7}},"182":{"start":{"line":590,"column":4},"end":{"line":590,"column":61}},"183":{"start":{"line":594,"column":20},"end":{"line":621,"column":1}},"184":{"start":{"line":595,"column":2},"end":{"line":620,"column":3}},"185":{"start":{"line":596,"column":19},"end":{"line":596,"column":29}},"186":{"start":{"line":599,"column":6},"end":{"line":599,"column":75}},"187":{"start":{"line":600,"column":4},"end":{"line":604,"column":5}},"188":{"start":{"line":601,"column":6},"end":{"line":603,"column":63}},"189":{"start":{"line":610,"column":4},"end":{"line":610,"column":45}},"190":{"start":{"line":613,"column":4},"end":{"line":616,"column":7}},"191":{"start":{"line":619,"column":4},"end":{"line":619,"column":61}},"192":{"start":{"line":625,"column":20},"end":{"line":651,"column":1}},"193":{"start":{"line":626,"column":2},"end":{"line":650,"column":3}},"194":{"start":{"line":627,"column":19},"end":{"line":627,"column":29}},"195":{"start":{"line":630,"column":6},"end":{"line":630,"column":75}},"196":{"start":{"line":631,"column":4},"end":{"line":631,"column":29}},"197":{"start":{"line":632,"column":4},"end":{"line":632,"column":31}},"198":{"start":{"line":633,"column":4},"end":{"line":633,"column":23}},"199":{"start":{"line":635,"column":4},"end":{"line":639,"column":5}},"200":{"start":{"line":636,"column":6},"end":{"line":638,"column":63}},"201":{"start":{"line":643,"column":6},"end":{"line":643,"column":72}},"202":{"start":{"line":644,"column":4},"end":{"line":644,"column":42}},"203":{"start":{"line":646,"column":4},"end":{"line":646,"column":44}},"204":{"start":{"line":649,"column":4},"end":{"line":649,"column":61}},"205":{"start":{"line":653,"column":20},"end":{"line":794,"column":1}},"206":{"start":{"line":654,"column":2},"end":{"line":793,"column":3}},"207":{"start":{"line":667,"column":8},"end":{"line":667,"column":16}},"208":{"start":{"line":669,"column":19},"end":{"line":669,"column":28}},"209":{"start":{"line":672,"column":4},"end":{"line":684,"column":5}},"210":{"start":{"line":681,"column":6},"end":{"line":683,"column":64}},"211":{"start":{"line":687,"column":26},"end":{"line":687,"column":62}},"212":{"start":{"line":688,"column":30},"end":{"line":688,"column":76}},"213":{"start":{"line":691,"column":16},"end":{"line":691,"column":17}},"214":{"start":{"line":692,"column":4},"end":{"line":701,"column":5}},"215":{"start":{"line":693,"column":6},"end":{"line":693,"column":38}},"216":{"start":{"line":695,"column":6},"end":{"line":700,"column":7}},"217":{"start":{"line":696,"column":8},"end":{"line":699,"column":11}},"218":{"start":{"line":704,"column":4},"end":{"line":708,"column":5}},"219":{"start":{"line":705,"column":6},"end":{"line":707,"column":62}},"220":{"start":{"line":711,"column":22},"end":{"line":711,"column":73}},"221":{"start":{"line":712,"column":23},"end":{"line":712,"column":64}},"222":{"start":{"line":716,"column":20},"end":{"line":716,"column":22}},"223":{"start":{"line":717,"column":4},"end":{"line":739,"column":5}},"224":{"start":{"line":718,"column":29},"end":{"line":736,"column":8}},"225":{"start":{"line":719,"column":26},"end":{"line":719,"column":79}},"226":{"start":{"line":721,"column":8},"end":{"line":735,"column":9}},"227":{"start":{"line":722,"column":27},"end":{"line":722,"column":55}},"228":{"start":{"line":725,"column":10},"end":{"line":729,"column":13}},"229":{"start":{"line":726,"column":12},"end":{"line":728,"column":13}},"230":{"start":{"line":731,"column":10},"end":{"line":731,"column":26}},"231":{"start":{"line":734,"column":10},"end":{"line":734,"column":49}},"232":{"start":{"line":738,"column":6},"end":{"line":738,"column":52}},"233":{"start":{"line":741,"column":24},"end":{"line":743,"column":28}},"234":{"start":{"line":746,"column":21},"end":{"line":762,"column":6}},"235":{"start":{"line":764,"column":4},"end":{"line":766,"column":5}},"236":{"start":{"line":765,"column":6},"end":{"line":765,"column":35}},"237":{"start":{"line":768,"column":4},"end":{"line":768,"column":26}},"238":{"start":{"line":770,"column":4},"end":{"line":789,"column":7}},"239":{"start":{"line":792,"column":4},"end":{"line":792,"column":52}},"240":{"start":{"line":899,"column":26},"end":{"line":926,"column":1}},"241":{"start":{"line":900,"column":23},"end":{"line":900,"column":33}},"242":{"start":{"line":901,"column":21},"end":{"line":901,"column":29}},"243":{"start":{"line":903,"column":24},"end":{"line":903,"column":59}},"244":{"start":{"line":904,"column":2},"end":{"line":906,"column":3}},"245":{"start":{"line":905,"column":4},"end":{"line":905,"column":73}},"246":{"start":{"line":908,"column":2},"end":{"line":925,"column":3}},"247":{"start":{"line":909,"column":25},"end":{"line":913,"column":5}},"248":{"start":{"line":916,"column":4},"end":{"line":918,"column":5}},"249":{"start":{"line":917,"column":6},"end":{"line":917,"column":67}},"250":{"start":{"line":921,"column":4},"end":{"line":921,"column":98}},"251":{"start":{"line":924,"column":4},"end":{"line":924,"column":86}},"252":{"start":{"line":928,"column":22},"end":{"line":950,"column":1}},"253":{"start":{"line":929,"column":2},"end":{"line":949,"column":3}},"254":{"start":{"line":931,"column":19},"end":{"line":937,"column":25}},"255":{"start":{"line":939,"column":22},"end":{"line":939,"column":39}},"256":{"start":{"line":941,"column":4},"end":{"line":945,"column":7}},"257":{"start":{"line":948,"column":4},"end":{"line":948,"column":61}},"258":{"start":{"line":953,"column":0},"end":{"line":973,"column":2}}},"fnMap":{"0":{"name":"(anonymous_0)","decl":{"start":{"line":10,"column":24},"end":{"line":10,"column":25}},"loc":{"start":{"line":10,"column":40},"end":{"line":15,"column":1}},"line":10},"1":{"name":"(anonymous_1)","decl":{"start":{"line":18,"column":18},"end":{"line":18,"column":19}},"loc":{"start":{"line":19,"column":2},"end":{"line":39,"column":5}},"line":19},"2":{"name":"(anonymous_2)","decl":{"start":{"line":19,"column":13},"end":{"line":19,"column":14}},"loc":{"start":{"line":19,"column":25},"end":{"line":39,"column":3}},"line":19},"3":{"name":"(anonymous_3)","decl":{"start":{"line":41,"column":18},"end":{"line":41,"column":19}},"loc":{"start":{"line":41,"column":38},"end":{"line":59,"column":1}},"line":41},"4":{"name":"(anonymous_4)","decl":{"start":{"line":61,"column":17},"end":{"line":61,"column":18}},"loc":{"start":{"line":61,"column":37},"end":{"line":79,"column":1}},"line":61},"5":{"name":"(anonymous_5)","decl":{"start":{"line":81,"column":17},"end":{"line":81,"column":18}},"loc":{"start":{"line":81,"column":37},"end":{"line":93,"column":1}},"line":81},"6":{"name":"(anonymous_6)","decl":{"start":{"line":95,"column":26},"end":{"line":95,"column":27}},"loc":{"start":{"line":95,"column":46},"end":{"line":119,"column":1}},"line":95},"7":{"name":"(anonymous_7)","decl":{"start":{"line":103,"column":27},"end":{"line":103,"column":28}},"loc":{"start":{"line":103,"column":38},"end":{"line":106,"column":5}},"line":103},"8":{"name":"(anonymous_8)","decl":{"start":{"line":121,"column":28},"end":{"line":121,"column":29}},"loc":{"start":{"line":121,"column":48},"end":{"line":147,"column":1}},"line":121},"9":{"name":"(anonymous_9)","decl":{"start":{"line":130,"column":27},"end":{"line":130,"column":28}},"loc":{"start":{"line":130,"column":38},"end":{"line":134,"column":5}},"line":130},"10":{"name":"(anonymous_10)","decl":{"start":{"line":149,"column":22},"end":{"line":149,"column":23}},"loc":{"start":{"line":149,"column":42},"end":{"line":174,"column":1}},"line":149},"11":{"name":"(anonymous_11)","decl":{"start":{"line":158,"column":27},"end":{"line":158,"column":28}},"loc":{"start":{"line":158,"column":38},"end":{"line":161,"column":5}},"line":158},"12":{"name":"(anonymous_12)","decl":{"start":{"line":176,"column":25},"end":{"line":176,"column":26}},"loc":{"start":{"line":176,"column":45},"end":{"line":197,"column":1}},"line":176},"13":{"name":"(anonymous_13)","decl":{"start":{"line":182,"column":25},"end":{"line":182,"column":26}},"loc":{"start":{"line":182,"column":35},"end":{"line":182,"column":76}},"line":182},"14":{"name":"(anonymous_14)","decl":{"start":{"line":199,"column":29},"end":{"line":199,"column":30}},"loc":{"start":{"line":199,"column":49},"end":{"line":240,"column":1}},"line":199},"15":{"name":"(anonymous_15)","decl":{"start":{"line":227,"column":12},"end":{"line":227,"column":13}},"loc":{"start":{"line":227,"column":22},"end":{"line":227,"column":57}},"line":227},"16":{"name":"(anonymous_16)","decl":{"start":{"line":242,"column":16},"end":{"line":242,"column":17}},"loc":{"start":{"line":242,"column":36},"end":{"line":309,"column":1}},"line":242},"17":{"name":"(anonymous_17)","decl":{"start":{"line":278,"column":31},"end":{"line":278,"column":32}},"loc":{"start":{"line":278,"column":42},"end":{"line":278,"column":55}},"line":278},"18":{"name":"(anonymous_18)","decl":{"start":{"line":287,"column":33},"end":{"line":287,"column":34}},"loc":{"start":{"line":287,"column":48},"end":{"line":290,"column":5}},"line":287},"19":{"name":"(anonymous_19)","decl":{"start":{"line":293,"column":41},"end":{"line":293,"column":42}},"loc":{"start":{"line":293,"column":53},"end":{"line":297,"column":5}},"line":293},"20":{"name":"(anonymous_20)","decl":{"start":{"line":311,"column":13},"end":{"line":311,"column":14}},"loc":{"start":{"line":311,"column":33},"end":{"line":354,"column":1}},"line":311},"21":{"name":"(anonymous_21)","decl":{"start":{"line":324,"column":29},"end":{"line":324,"column":30}},"loc":{"start":{"line":324,"column":39},"end":{"line":324,"column":69}},"line":324},"22":{"name":"(anonymous_22)","decl":{"start":{"line":327,"column":29},"end":{"line":327,"column":30}},"loc":{"start":{"line":327,"column":39},"end":{"line":327,"column":70}},"line":327},"23":{"name":"(anonymous_23)","decl":{"start":{"line":331,"column":29},"end":{"line":331,"column":30}},"loc":{"start":{"line":331,"column":39},"end":{"line":335,"column":9}},"line":331},"24":{"name":"(anonymous_24)","decl":{"start":{"line":358,"column":21},"end":{"line":358,"column":22}},"loc":{"start":{"line":358,"column":41},"end":{"line":414,"column":1}},"line":358},"25":{"name":"(anonymous_25)","decl":{"start":{"line":418,"column":20},"end":{"line":418,"column":21}},"loc":{"start":{"line":418,"column":40},"end":{"line":592,"column":1}},"line":418},"26":{"name":"(anonymous_26)","decl":{"start":{"line":550,"column":23},"end":{"line":550,"column":24}},"loc":{"start":{"line":550,"column":30},"end":{"line":550,"column":36}},"line":550},"27":{"name":"(anonymous_27)","decl":{"start":{"line":594,"column":20},"end":{"line":594,"column":21}},"loc":{"start":{"line":594,"column":40},"end":{"line":621,"column":1}},"line":594},"28":{"name":"(anonymous_28)","decl":{"start":{"line":625,"column":20},"end":{"line":625,"column":21}},"loc":{"start":{"line":625,"column":40},"end":{"line":651,"column":1}},"line":625},"29":{"name":"(anonymous_29)","decl":{"start":{"line":653,"column":20},"end":{"line":653,"column":21}},"loc":{"start":{"line":653,"column":40},"end":{"line":794,"column":1}},"line":653},"30":{"name":"(anonymous_30)","decl":{"start":{"line":718,"column":40},"end":{"line":718,"column":41}},"loc":{"start":{"line":718,"column":57},"end":{"line":736,"column":7}},"line":718},"31":{"name":"(anonymous_31)","decl":{"start":{"line":725,"column":31},"end":{"line":725,"column":32}},"loc":{"start":{"line":725,"column":40},"end":{"line":729,"column":11}},"line":725},"32":{"name":"(anonymous_32)","decl":{"start":{"line":899,"column":26},"end":{"line":899,"column":27}},"loc":{"start":{"line":899,"column":46},"end":{"line":926,"column":1}},"line":899},"33":{"name":"(anonymous_33)","decl":{"start":{"line":928,"column":22},"end":{"line":928,"column":23}},"loc":{"start":{"line":928,"column":42},"end":{"line":950,"column":1}},"line":928}},"branchMap":{"0":{"loc":{"start":{"line":35,"column":17},"end":{"line":35,"column":43}},"type":"binary-expr","locations":[{"start":{"line":35,"column":17},"end":{"line":35,"column":34}},{"start":{"line":35,"column":38},"end":{"line":35,"column":43}}],"line":35},"1":{"loc":{"start":{"line":36,"column":14},"end":{"line":36,"column":33}},"type":"binary-expr","locations":[{"start":{"line":36,"column":14},"end":{"line":36,"column":28}},{"start":{"line":36,"column":32},"end":{"line":36,"column":33}}],"line":36},"2":{"loc":{"start":{"line":37,"column":12},"end":{"line":37,"column":30}},"type":"binary-expr","locations":[{"start":{"line":37,"column":12},"end":{"line":37,"column":24}},{"start":{"line":37,"column":28},"end":{"line":37,"column":30}}],"line":37},"3":{"loc":{"start":{"line":97,"column":20},"end":{"line":97,"column":50}},"type":"cond-expr","locations":[{"start":{"line":97,"column":31},"end":{"line":97,"column":43}},{"start":{"line":97,"column":46},"end":{"line":97,"column":50}}],"line":97},"4":{"loc":{"start":{"line":123,"column":20},"end":{"line":123,"column":50}},"type":"cond-expr","locations":[{"start":{"line":123,"column":31},"end":{"line":123,"column":43}},{"start":{"line":123,"column":46},"end":{"line":123,"column":50}}],"line":123},"5":{"loc":{"start":{"line":133,"column":13},"end":{"line":133,"column":57}},"type":"binary-expr","locations":[{"start":{"line":133,"column":13},"end":{"line":133,"column":34}},{"start":{"line":133,"column":38},"end":{"line":133,"column":57}}],"line":133},"6":{"loc":{"start":{"line":151,"column":20},"end":{"line":151,"column":50}},"type":"cond-expr","locations":[{"start":{"line":151,"column":31},"end":{"line":151,"column":43}},{"start":{"line":151,"column":46},"end":{"line":151,"column":50}}],"line":151},"7":{"loc":{"start":{"line":201,"column":19},"end":{"line":201,"column":49}},"type":"cond-expr","locations":[{"start":{"line":201,"column":30},"end":{"line":201,"column":42}},{"start":{"line":201,"column":45},"end":{"line":201,"column":49}}],"line":201},"8":{"loc":{"start":{"line":203,"column":4},"end":{"line":205,"column":5}},"type":"if","locations":[{"start":{"line":203,"column":4},"end":{"line":205,"column":5}},{"start":{},"end":{}}],"line":203},"9":{"loc":{"start":{"line":212,"column":4},"end":{"line":216,"column":5}},"type":"if","locations":[{"start":{"line":212,"column":4},"end":{"line":216,"column":5}},{"start":{},"end":{}}],"line":212},"10":{"loc":{"start":{"line":212,"column":8},"end":{"line":212,"column":73}},"type":"binary-expr","locations":[{"start":{"line":212,"column":8},"end":{"line":212,"column":23}},{"start":{"line":212,"column":27},"end":{"line":212,"column":73}}],"line":212},"11":{"loc":{"start":{"line":246,"column":2},"end":{"line":248,"column":3}},"type":"if","locations":[{"start":{"line":246,"column":2},"end":{"line":248,"column":3}},{"start":{},"end":{}}],"line":246},"12":{"loc":{"start":{"line":273,"column":4},"end":{"line":275,"column":5}},"type":"if","locations":[{"start":{"line":273,"column":4},"end":{"line":275,"column":5}},{"start":{},"end":{}}],"line":273},"13":{"loc":{"start":{"line":313,"column":12},"end":{"line":313,"column":29}},"type":"default-arg","locations":[{"start":{"line":313,"column":23},"end":{"line":313,"column":29}}],"line":313},"14":{"loc":{"start":{"line":313,"column":31},"end":{"line":313,"column":44}},"type":"default-arg","locations":[{"start":{"line":313,"column":39},"end":{"line":313,"column":44}}],"line":313},"15":{"loc":{"start":{"line":315,"column":20},"end":{"line":315,"column":50}},"type":"cond-expr","locations":[{"start":{"line":315,"column":31},"end":{"line":315,"column":43}},{"start":{"line":315,"column":46},"end":{"line":315,"column":50}}],"line":315},"16":{"loc":{"start":{"line":322,"column":4},"end":{"line":337,"column":5}},"type":"switch","locations":[{"start":{"line":323,"column":6},"end":{"line":325,"column":14}},{"start":{"line":326,"column":6},"end":{"line":328,"column":14}},{"start":{"line":329,"column":6},"end":{"line":329,"column":18}},{"start":{"line":330,"column":6},"end":{"line":336,"column":14}}],"line":322},"17":{"loc":{"start":{"line":339,"column":4},"end":{"line":341,"column":5}},"type":"if","locations":[{"start":{"line":339,"column":4},"end":{"line":341,"column":5}},{"start":{},"end":{}}],"line":339},"18":{"loc":{"start":{"line":363,"column":4},"end":{"line":365,"column":5}},"type":"if","locations":[{"start":{"line":363,"column":4},"end":{"line":365,"column":5}},{"start":{},"end":{}}],"line":363},"19":{"loc":{"start":{"line":373,"column":4},"end":{"line":377,"column":5}},"type":"if","locations":[{"start":{"line":373,"column":4},"end":{"line":377,"column":5}},{"start":{},"end":{}}],"line":373},"20":{"loc":{"start":{"line":380,"column":4},"end":{"line":382,"column":5}},"type":"if","locations":[{"start":{"line":380,"column":4},"end":{"line":382,"column":5}},{"start":{},"end":{}}],"line":380},"21":{"loc":{"start":{"line":402,"column":21},"end":{"line":402,"column":47}},"type":"binary-expr","locations":[{"start":{"line":402,"column":21},"end":{"line":402,"column":38}},{"start":{"line":402,"column":42},"end":{"line":402,"column":47}}],"line":402},"22":{"loc":{"start":{"line":404,"column":18},"end":{"line":404,"column":37}},"type":"binary-expr","locations":[{"start":{"line":404,"column":18},"end":{"line":404,"column":32}},{"start":{"line":404,"column":36},"end":{"line":404,"column":37}}],"line":404},"23":{"loc":{"start":{"line":406,"column":16},"end":{"line":406,"column":34}},"type":"binary-expr","locations":[{"start":{"line":406,"column":16},"end":{"line":406,"column":28}},{"start":{"line":406,"column":32},"end":{"line":406,"column":34}}],"line":406},"24":{"loc":{"start":{"line":430,"column":6},"end":{"line":430,"column":25}},"type":"default-arg","locations":[{"start":{"line":430,"column":21},"end":{"line":430,"column":25}}],"line":430},"25":{"loc":{"start":{"line":431,"column":6},"end":{"line":431,"column":19}},"type":"default-arg","locations":[{"start":{"line":431,"column":17},"end":{"line":431,"column":19}}],"line":431},"26":{"loc":{"start":{"line":432,"column":6},"end":{"line":432,"column":25}},"type":"default-arg","locations":[{"start":{"line":432,"column":20},"end":{"line":432,"column":25}}],"line":432},"27":{"loc":{"start":{"line":434,"column":6},"end":{"line":434,"column":16}},"type":"default-arg","locations":[{"start":{"line":434,"column":15},"end":{"line":434,"column":16}}],"line":434},"28":{"loc":{"start":{"line":438,"column":4},"end":{"line":452,"column":5}},"type":"if","locations":[{"start":{"line":438,"column":4},"end":{"line":452,"column":5}},{"start":{},"end":{}}],"line":438},"29":{"loc":{"start":{"line":439,"column":6},"end":{"line":447,"column":35}},"type":"binary-expr","locations":[{"start":{"line":439,"column":6},"end":{"line":439,"column":12}},{"start":{"line":440,"column":6},"end":{"line":440,"column":18}},{"start":{"line":441,"column":6},"end":{"line":441,"column":15}},{"start":{"line":442,"column":6},"end":{"line":442,"column":11}},{"start":{"line":443,"column":6},"end":{"line":443,"column":28}},{"start":{"line":444,"column":6},"end":{"line":444,"column":15}},{"start":{"line":445,"column":6},"end":{"line":445,"column":16}},{"start":{"line":446,"column":6},"end":{"line":446,"column":14}},{"start":{"line":447,"column":6},"end":{"line":447,"column":35}}],"line":439},"30":{"loc":{"start":{"line":455,"column":26},"end":{"line":455,"column":62}},"type":"binary-expr","locations":[{"start":{"line":455,"column":26},"end":{"line":455,"column":43}},{"start":{"line":455,"column":47},"end":{"line":455,"column":62}}],"line":455},"31":{"loc":{"start":{"line":456,"column":30},"end":{"line":456,"column":76}},"type":"binary-expr","locations":[{"start":{"line":456,"column":30},"end":{"line":456,"column":52}},{"start":{"line":456,"column":56},"end":{"line":456,"column":76}}],"line":456},"32":{"loc":{"start":{"line":462,"column":4},"end":{"line":478,"column":5}},"type":"if","locations":[{"start":{"line":462,"column":4},"end":{"line":478,"column":5}},{"start":{},"end":{}}],"line":462},"33":{"loc":{"start":{"line":467,"column":6},"end":{"line":469,"column":7}},"type":"if","locations":[{"start":{"line":467,"column":6},"end":{"line":469,"column":7}},{"start":{},"end":{}}],"line":467},"34":{"loc":{"start":{"line":467,"column":10},"end":{"line":467,"column":44}},"type":"binary-expr","locations":[{"start":{"line":467,"column":10},"end":{"line":467,"column":20}},{"start":{"line":467,"column":24},"end":{"line":467,"column":31}},{"start":{"line":467,"column":35},"end":{"line":467,"column":44}}],"line":467},"35":{"loc":{"start":{"line":472,"column":6},"end":{"line":477,"column":7}},"type":"if","locations":[{"start":{"line":472,"column":6},"end":{"line":477,"column":7}},{"start":{},"end":{}}],"line":472},"36":{"loc":{"start":{"line":472,"column":10},"end":{"line":472,"column":36}},"type":"binary-expr","locations":[{"start":{"line":472,"column":10},"end":{"line":472,"column":22}},{"start":{"line":472,"column":26},"end":{"line":472,"column":36}}],"line":472},"37":{"loc":{"start":{"line":481,"column":24},"end":{"line":483,"column":28}},"type":"cond-expr","locations":[{"start":{"line":482,"column":8},"end":{"line":482,"column":16}},{"start":{"line":483,"column":8},"end":{"line":483,"column":28}}],"line":481},"38":{"loc":{"start":{"line":487,"column":6},"end":{"line":492,"column":30}},"type":"binary-expr","locations":[{"start":{"line":487,"column":7},"end":{"line":489,"column":29}},{"start":{"line":490,"column":7},"end":{"line":492,"column":29}}],"line":487},"39":{"loc":{"start":{"line":493,"column":4},"end":{"line":497,"column":5}},"type":"if","locations":[{"start":{"line":493,"column":4},"end":{"line":497,"column":5}},{"start":{},"end":{}}],"line":493},"40":{"loc":{"start":{"line":507,"column":25},"end":{"line":509,"column":9}},"type":"cond-expr","locations":[{"start":{"line":508,"column":8},"end":{"line":508,"column":59}},{"start":{"line":509,"column":8},"end":{"line":509,"column":9}}],"line":507},"41":{"loc":{"start":{"line":510,"column":21},"end":{"line":510,"column":44}},"type":"cond-expr","locations":[{"start":{"line":510,"column":37},"end":{"line":510,"column":40}},{"start":{"line":510,"column":43},"end":{"line":510,"column":44}}],"line":510},"42":{"loc":{"start":{"line":511,"column":26},"end":{"line":511,"column":68}},"type":"cond-expr","locations":[{"start":{"line":511,"column":41},"end":{"line":511,"column":61}},{"start":{"line":511,"column":64},"end":{"line":511,"column":68}}],"line":511},"43":{"loc":{"start":{"line":537,"column":18},"end":{"line":539,"column":28}},"type":"cond-expr","locations":[{"start":{"line":538,"column":22},"end":{"line":538,"column":90}},{"start":{"line":539,"column":22},"end":{"line":539,"column":28}}],"line":537},"44":{"loc":{"start":{"line":542,"column":18},"end":{"line":544,"column":32}},"type":"cond-expr","locations":[{"start":{"line":543,"column":22},"end":{"line":543,"column":48}},{"start":{"line":544,"column":22},"end":{"line":544,"column":32}}],"line":542},"45":{"loc":{"start":{"line":547,"column":18},"end":{"line":547,"column":57}},"type":"cond-expr","locations":[{"start":{"line":547,"column":45},"end":{"line":547,"column":50}},{"start":{"line":547,"column":53},"end":{"line":547,"column":57}}],"line":547},"46":{"loc":{"start":{"line":583,"column":18},"end":{"line":583,"column":37}},"type":"binary-expr","locations":[{"start":{"line":583,"column":18},"end":{"line":583,"column":32}},{"start":{"line":583,"column":36},"end":{"line":583,"column":37}}],"line":583},"47":{"loc":{"start":{"line":584,"column":16},"end":{"line":584,"column":34}},"type":"binary-expr","locations":[{"start":{"line":584,"column":16},"end":{"line":584,"column":28}},{"start":{"line":584,"column":32},"end":{"line":584,"column":34}}],"line":584},"48":{"loc":{"start":{"line":599,"column":6},"end":{"line":599,"column":75}},"type":"binary-expr","locations":[{"start":{"line":599,"column":7},"end":{"line":599,"column":44}},{"start":{"line":599,"column":50},"end":{"line":599,"column":74}}],"line":599},"49":{"loc":{"start":{"line":600,"column":4},"end":{"line":604,"column":5}},"type":"if","locations":[{"start":{"line":600,"column":4},"end":{"line":604,"column":5}},{"start":{},"end":{}}],"line":600},"50":{"loc":{"start":{"line":630,"column":6},"end":{"line":630,"column":75}},"type":"binary-expr","locations":[{"start":{"line":630,"column":7},"end":{"line":630,"column":44}},{"start":{"line":630,"column":50},"end":{"line":630,"column":74}}],"line":630},"51":{"loc":{"start":{"line":635,"column":4},"end":{"line":639,"column":5}},"type":"if","locations":[{"start":{"line":635,"column":4},"end":{"line":639,"column":5}},{"start":{},"end":{}}],"line":635},"52":{"loc":{"start":{"line":664,"column":6},"end":{"line":664,"column":25}},"type":"default-arg","locations":[{"start":{"line":664,"column":21},"end":{"line":664,"column":25}}],"line":664},"53":{"loc":{"start":{"line":666,"column":6},"end":{"line":666,"column":25}},"type":"default-arg","locations":[{"start":{"line":666,"column":20},"end":{"line":666,"column":25}}],"line":666},"54":{"loc":{"start":{"line":672,"column":4},"end":{"line":684,"column":5}},"type":"if","locations":[{"start":{"line":672,"column":4},"end":{"line":684,"column":5}},{"start":{},"end":{}}],"line":672},"55":{"loc":{"start":{"line":673,"column":6},"end":{"line":679,"column":35}},"type":"binary-expr","locations":[{"start":{"line":673,"column":6},"end":{"line":673,"column":12}},{"start":{"line":674,"column":6},"end":{"line":674,"column":18}},{"start":{"line":675,"column":6},"end":{"line":675,"column":15}},{"start":{"line":676,"column":6},"end":{"line":676,"column":11}},{"start":{"line":677,"column":6},"end":{"line":677,"column":16}},{"start":{"line":678,"column":6},"end":{"line":678,"column":14}},{"start":{"line":679,"column":6},"end":{"line":679,"column":35}}],"line":673},"56":{"loc":{"start":{"line":687,"column":26},"end":{"line":687,"column":62}},"type":"binary-expr","locations":[{"start":{"line":687,"column":26},"end":{"line":687,"column":43}},{"start":{"line":687,"column":47},"end":{"line":687,"column":62}}],"line":687},"57":{"loc":{"start":{"line":688,"column":30},"end":{"line":688,"column":76}},"type":"binary-expr","locations":[{"start":{"line":688,"column":30},"end":{"line":688,"column":52}},{"start":{"line":688,"column":56},"end":{"line":688,"column":76}}],"line":688},"58":{"loc":{"start":{"line":692,"column":4},"end":{"line":701,"column":5}},"type":"if","locations":[{"start":{"line":692,"column":4},"end":{"line":701,"column":5}},{"start":{},"end":{}}],"line":692},"59":{"loc":{"start":{"line":695,"column":6},"end":{"line":700,"column":7}},"type":"if","locations":[{"start":{"line":695,"column":6},"end":{"line":700,"column":7}},{"start":{},"end":{}}],"line":695},"60":{"loc":{"start":{"line":695,"column":10},"end":{"line":695,"column":36}},"type":"binary-expr","locations":[{"start":{"line":695,"column":10},"end":{"line":695,"column":22}},{"start":{"line":695,"column":26},"end":{"line":695,"column":36}}],"line":695},"61":{"loc":{"start":{"line":704,"column":4},"end":{"line":708,"column":5}},"type":"if","locations":[{"start":{"line":704,"column":4},"end":{"line":708,"column":5}},{"start":{},"end":{}}],"line":704},"62":{"loc":{"start":{"line":704,"column":8},"end":{"line":704,"column":38}},"type":"binary-expr","locations":[{"start":{"line":704,"column":8},"end":{"line":704,"column":15}},{"start":{"line":704,"column":19},"end":{"line":704,"column":38}}],"line":704},"63":{"loc":{"start":{"line":712,"column":23},"end":{"line":712,"column":64}},"type":"cond-expr","locations":[{"start":{"line":712,"column":35},"end":{"line":712,"column":57}},{"start":{"line":712,"column":60},"end":{"line":712,"column":64}}],"line":712},"64":{"loc":{"start":{"line":717,"column":4},"end":{"line":739,"column":5}},"type":"if","locations":[{"start":{"line":717,"column":4},"end":{"line":739,"column":5}},{"start":{},"end":{}}],"line":717},"65":{"loc":{"start":{"line":717,"column":8},"end":{"line":717,"column":35}},"type":"binary-expr","locations":[{"start":{"line":717,"column":8},"end":{"line":717,"column":14}},{"start":{"line":717,"column":18},"end":{"line":717,"column":35}}],"line":717},"66":{"loc":{"start":{"line":726,"column":12},"end":{"line":728,"column":13}},"type":"if","locations":[{"start":{"line":726,"column":12},"end":{"line":728,"column":13}},{"start":{},"end":{}}],"line":726},"67":{"loc":{"start":{"line":741,"column":24},"end":{"line":743,"column":28}},"type":"cond-expr","locations":[{"start":{"line":742,"column":8},"end":{"line":742,"column":16}},{"start":{"line":743,"column":8},"end":{"line":743,"column":28}}],"line":741},"68":{"loc":{"start":{"line":756,"column":20},"end":{"line":756,"column":45}},"type":"cond-expr","locations":[{"start":{"line":756,"column":36},"end":{"line":756,"column":41}},{"start":{"line":756,"column":44},"end":{"line":756,"column":45}}],"line":756},"69":{"loc":{"start":{"line":764,"column":4},"end":{"line":766,"column":5}},"type":"if","locations":[{"start":{"line":764,"column":4},"end":{"line":766,"column":5}},{"start":{},"end":{}}],"line":764},"70":{"loc":{"start":{"line":787,"column":16},"end":{"line":787,"column":37}},"type":"binary-expr","locations":[{"start":{"line":787,"column":16},"end":{"line":787,"column":31}},{"start":{"line":787,"column":35},"end":{"line":787,"column":37}}],"line":787},"71":{"loc":{"start":{"line":904,"column":2},"end":{"line":906,"column":3}},"type":"if","locations":[{"start":{"line":904,"column":2},"end":{"line":906,"column":3}},{"start":{},"end":{}}],"line":904},"72":{"loc":{"start":{"line":916,"column":4},"end":{"line":918,"column":5}},"type":"if","locations":[{"start":{"line":916,"column":4},"end":{"line":918,"column":5}},{"start":{},"end":{}}],"line":916}},"s":{"0":4,"1":4,"2":4,"3":4,"4":4,"5":4,"6":4,"7":4,"8":4,"9":40,"10":40,"11":40,"12":4,"13":6,"14":45,"15":4,"16":3,"17":3,"18":2,"19":2,"20":1,"21":4,"22":0,"23":0,"24":0,"25":0,"26":0,"27":4,"28":2,"29":2,"30":2,"31":1,"32":1,"33":4,"34":2,"35":2,"36":2,"37":1,"38":1,"39":10,"40":10,"41":1,"42":1,"43":1,"44":4,"45":2,"46":2,"47":2,"48":1,"49":1,"50":10,"51":10,"52":10,"53":1,"54":1,"55":1,"56":4,"57":2,"58":2,"59":2,"60":1,"61":1,"62":10,"63":10,"64":1,"65":1,"66":1,"67":4,"68":0,"69":0,"70":0,"71":0,"72":0,"73":0,"74":0,"75":0,"76":4,"77":0,"78":0,"79":0,"80":0,"81":0,"82":0,"83":0,"84":0,"85":0,"86":0,"87":0,"88":0,"89":0,"90":4,"91":0,"92":0,"93":0,"94":0,"95":0,"96":0,"97":0,"98":0,"99":0,"100":0,"101":0,"102":0,"103":0,"104":0,"105":0,"106":0,"107":0,"108":0,"109":4,"110":0,"111":0,"112":0,"113":0,"114":0,"115":0,"116":0,"117":0,"118":0,"119":0,"120":0,"121":0,"122":0,"123":0,"124":0,"125":0,"126":0,"127":0,"128":0,"129":0,"130":0,"131":4,"132":0,"133":0,"134":0,"135":0,"136":0,"137":0,"138":0,"139":0,"140":0,"141":0,"142":0,"143":4,"144":0,"145":0,"146":0,"147":0,"148":0,"149":0,"150":0,"151":0,"152":0,"153":0,"154":0,"155":0,"156":0,"157":0,"158":0,"159":0,"160":0,"161":0,"162":0,"163":0,"164":0,"165":0,"166":0,"167":0,"168":0,"169":0,"170":0,"171":0,"172":0,"173":0,"174":0,"175":0,"176":0,"177":0,"178":0,"179":0,"180":0,"181":0,"182":0,"183":4,"184":0,"185":0,"186":0,"187":0,"188":0,"189":0,"190":0,"191":0,"192":4,"193":0,"194":0,"195":0,"196":0,"197":0,"198":0,"199":0,"200":0,"201":0,"202":0,"203":0,"204":0,"205":4,"206":0,"207":0,"208":0,"209":0,"210":0,"211":0,"212":0,"213":0,"214":0,"215":0,"216":0,"217":0,"218":0,"219":0,"220":0,"221":0,"222":0,"223":0,"224":0,"225":0,"226":0,"227":0,"228":0,"229":0,"230":0,"231":0,"232":0,"233":0,"234":0,"235":0,"236":0,"237":0,"238":0,"239":0,"240":4,"241":0,"242":0,"243":0,"244":0,"245":0,"246":0,"247":0,"248":0,"249":0,"250":0,"251":0,"252":4,"253":0,"254":0,"255":0,"256":0,"257":0,"258":4},"f":{"0":40,"1":6,"2":45,"3":3,"4":0,"5":2,"6":2,"7":10,"8":2,"9":10,"10":2,"11":10,"12":0,"13":0,"14":0,"15":0,"16":0,"17":0,"18":0,"19":0,"20":0,"21":0,"22":0,"23":0,"24":0,"25":0,"26":0,"27":0,"28":0,"29":0,"30":0,"31":0,"32":0,"33":0},"b":{"0":[45,45],"1":[45,43],"2":[45,0],"3":[0,2],"4":[0,2],"5":[10,8],"6":[0,2],"7":[0,0],"8":[0,0],"9":[0,0],"10":[0,0],"11":[0,0],"12":[0,0],"13":[0],"14":[0],"15":[0,0],"16":[0,0,0,0],"17":[0,0],"18":[0,0],"19":[0,0],"20":[0,0],"21":[0,0],"22":[0,0],"23":[0,0],"24":[0],"25":[0],"26":[0],"27":[0],"28":[0,0],"29":[0,0,0,0,0,0,0,0,0],"30":[0,0],"31":[0,0],"32":[0,0],"33":[0,0],"34":[0,0,0],"35":[0,0],"36":[0,0],"37":[0,0],"38":[0,0],"39":[0,0],"40":[0,0],"41":[0,0],"42":[0,0],"43":[0,0],"44":[0,0],"45":[0,0],"46":[0,0],"47":[0,0],"48":[0,0],"49":[0,0],"50":[0,0],"51":[0,0],"52":[0],"53":[0],"54":[0,0],"55":[0,0,0,0,0,0,0],"56":[0,0],"57":[0,0],"58":[0,0],"59":[0,0],"60":[0,0],"61":[0,0],"62":[0,0],"63":[0,0],"64":[0,0],"65":[0,0],"66":[0,0],"67":[0,0],"68":[0,0],"69":[0,0],"70":[0,0],"71":[0,0],"72":[0,0]},"_coverageSchema":"1a1c01bbd47fc00a2c39e90264f33305004495a9","hash":"294211ac588f753ad32606366690222095f2c228"}
,"C:\\Users\\bonga\\Documents\\EventsApi\\SDP\\Events-Api\\controllers\\ticket.controller.js": {"path":"C:\\Users\\bonga\\Documents\\EventsApi\\SDP\\Events-Api\\controllers\\ticket.controller.js","statementMap":{"0":{"start":{"line":1,"column":15},"end":{"line":1,"column":48}},"1":{"start":{"line":2,"column":15},"end":{"line":2,"column":63}},"2":{"start":{"line":3,"column":15},"end":{"line":3,"column":32}},"3":{"start":{"line":4,"column":14},"end":{"line":4,"column":46}},"4":{"start":{"line":7,"column":19},"end":{"line":126,"column":1}},"5":{"start":{"line":8,"column":52},"end":{"line":8,"column":60}},"6":{"start":{"line":9,"column":17},"end":{"line":9,"column":29}},"7":{"start":{"line":13,"column":2},"end":{"line":15,"column":3}},"8":{"start":{"line":14,"column":4},"end":{"line":14,"column":73}},"9":{"start":{"line":18,"column":27},"end":{"line":18,"column":85}},"10":{"start":{"line":19,"column":2},"end":{"line":21,"column":3}},"11":{"start":{"line":20,"column":4},"end":{"line":20,"column":76}},"12":{"start":{"line":23,"column":2},"end":{"line":25,"column":3}},"13":{"start":{"line":24,"column":4},"end":{"line":24,"column":88}},"14":{"start":{"line":27,"column":2},"end":{"line":29,"column":3}},"15":{"start":{"line":28,"column":4},"end":{"line":28,"column":75}},"16":{"start":{"line":31,"column":2},"end":{"line":125,"column":3}},"17":{"start":{"line":33,"column":18},"end":{"line":33,"column":93}},"18":{"start":{"line":34,"column":4},"end":{"line":36,"column":5}},"19":{"start":{"line":35,"column":6},"end":{"line":35,"column":64}},"20":{"start":{"line":38,"column":4},"end":{"line":40,"column":5}},"21":{"start":{"line":39,"column":6},"end":{"line":39,"column":64}},"22":{"start":{"line":42,"column":4},"end":{"line":44,"column":5}},"23":{"start":{"line":43,"column":6},"end":{"line":43,"column":84}},"24":{"start":{"line":46,"column":4},"end":{"line":48,"column":5}},"25":{"start":{"line":47,"column":6},"end":{"line":47,"column":72}},"26":{"start":{"line":52,"column":4},"end":{"line":78,"column":5}},"27":{"start":{"line":53,"column":6},"end":{"line":60,"column":9}},"28":{"start":{"line":62,"column":6},"end":{"line":62,"column":26}},"29":{"start":{"line":63,"column":6},"end":{"line":63,"column":33}},"30":{"start":{"line":64,"column":6},"end":{"line":64,"column":55}},"31":{"start":{"line":65,"column":6},"end":{"line":65,"column":25}},"32":{"start":{"line":68,"column":25},"end":{"line":68,"column":75}},"33":{"start":{"line":69,"column":6},"end":{"line":69,"column":58}},"34":{"start":{"line":70,"column":6},"end":{"line":70,"column":26}},"35":{"start":{"line":71,"column":28},"end":{"line":71,"column":82}},"36":{"start":{"line":73,"column":6},"end":{"line":77,"column":9}},"37":{"start":{"line":81,"column":4},"end":{"line":81,"column":30}},"38":{"start":{"line":82,"column":20},"end":{"line":85,"column":6}},"39":{"start":{"line":88,"column":24},"end":{"line":92,"column":6}},"40":{"start":{"line":95,"column":20},"end":{"line":104,"column":6}},"41":{"start":{"line":107,"column":4},"end":{"line":115,"column":7}},"42":{"start":{"line":117,"column":4},"end":{"line":117,"column":24}},"43":{"start":{"line":120,"column":4},"end":{"line":120,"column":69}},"44":{"start":{"line":123,"column":4},"end":{"line":123,"column":49}},"45":{"start":{"line":124,"column":4},"end":{"line":124,"column":73}},"46":{"start":{"line":128,"column":23},"end":{"line":190,"column":1}},"47":{"start":{"line":130,"column":25},"end":{"line":130,"column":35}},"48":{"start":{"line":132,"column":2},"end":{"line":189,"column":3}},"49":{"start":{"line":134,"column":18},"end":{"line":134,"column":22}},"50":{"start":{"line":135,"column":4},"end":{"line":139,"column":5}},"51":{"start":{"line":136,"column":6},"end":{"line":136,"column":69}},"52":{"start":{"line":138,"column":6},"end":{"line":138,"column":21}},"53":{"start":{"line":142,"column":4},"end":{"line":185,"column":5}},"54":{"start":{"line":143,"column":21},"end":{"line":143,"column":83}},"55":{"start":{"line":145,"column":6},"end":{"line":171,"column":7}},"56":{"start":{"line":147,"column":8},"end":{"line":147,"column":39}},"57":{"start":{"line":148,"column":27},"end":{"line":148,"column":83}},"58":{"start":{"line":149,"column":8},"end":{"line":149,"column":60}},"59":{"start":{"line":150,"column":8},"end":{"line":150,"column":28}},"60":{"start":{"line":153,"column":22},"end":{"line":153,"column":59}},"61":{"start":{"line":154,"column":8},"end":{"line":156,"column":9}},"62":{"start":{"line":155,"column":10},"end":{"line":155,"column":68}},"63":{"start":{"line":157,"column":8},"end":{"line":161,"column":9}},"64":{"start":{"line":158,"column":10},"end":{"line":158,"column":37}},"65":{"start":{"line":159,"column":10},"end":{"line":159,"column":59}},"66":{"start":{"line":160,"column":10},"end":{"line":160,"column":29}},"67":{"start":{"line":162,"column":30},"end":{"line":162,"column":84}},"68":{"start":{"line":164,"column":8},"end":{"line":168,"column":11}},"69":{"start":{"line":170,"column":8},"end":{"line":170,"column":67}},"70":{"start":{"line":174,"column":21},"end":{"line":174,"column":55}},"71":{"start":{"line":175,"column":6},"end":{"line":184,"column":7}},"72":{"start":{"line":176,"column":30},"end":{"line":176,"column":84}},"73":{"start":{"line":177,"column":8},"end":{"line":181,"column":11}},"74":{"start":{"line":183,"column":8},"end":{"line":183,"column":71}},"75":{"start":{"line":187,"column":4},"end":{"line":187,"column":58}},"76":{"start":{"line":188,"column":4},"end":{"line":188,"column":65}},"77":{"start":{"line":192,"column":22},"end":{"line":210,"column":1}},"78":{"start":{"line":194,"column":25},"end":{"line":194,"column":35}},"79":{"start":{"line":197,"column":2},"end":{"line":209,"column":3}},"80":{"start":{"line":199,"column":19},"end":{"line":199,"column":90}},"81":{"start":{"line":201,"column":4},"end":{"line":205,"column":5}},"82":{"start":{"line":202,"column":6},"end":{"line":202,"column":84}},"83":{"start":{"line":204,"column":6},"end":{"line":204,"column":65}},"84":{"start":{"line":207,"column":4},"end":{"line":207,"column":57}},"85":{"start":{"line":208,"column":4},"end":{"line":208,"column":70}},"86":{"start":{"line":212,"column":19},"end":{"line":248,"column":1}},"87":{"start":{"line":213,"column":23},"end":{"line":213,"column":33}},"88":{"start":{"line":214,"column":17},"end":{"line":214,"column":29}},"89":{"start":{"line":217,"column":2},"end":{"line":219,"column":3}},"90":{"start":{"line":218,"column":4},"end":{"line":218,"column":74}},"91":{"start":{"line":221,"column":2},"end":{"line":247,"column":3}},"92":{"start":{"line":222,"column":19},"end":{"line":222,"column":71}},"93":{"start":{"line":223,"column":4},"end":{"line":225,"column":5}},"94":{"start":{"line":224,"column":6},"end":{"line":224,"column":65}},"95":{"start":{"line":227,"column":18},"end":{"line":227,"column":55}},"96":{"start":{"line":228,"column":4},"end":{"line":230,"column":5}},"97":{"start":{"line":229,"column":6},"end":{"line":229,"column":64}},"98":{"start":{"line":232,"column":4},"end":{"line":234,"column":5}},"99":{"start":{"line":233,"column":6},"end":{"line":233,"column":101}},"100":{"start":{"line":236,"column":4},"end":{"line":238,"column":5}},"101":{"start":{"line":237,"column":6},"end":{"line":237,"column":77}},"102":{"start":{"line":240,"column":4},"end":{"line":240,"column":29}},"103":{"start":{"line":241,"column":4},"end":{"line":241,"column":24}},"104":{"start":{"line":243,"column":4},"end":{"line":243,"column":77}},"105":{"start":{"line":245,"column":4},"end":{"line":245,"column":51}},"106":{"start":{"li
[...]
,"C:\\Users\\bonga\\Documents\\EventsApi\\SDP\\Events-Api\\models\\venue.model.js": {"path":"C:\\Users\\bonga\\Documents\\EventsApi\\SDP\\Events-Api\\models\\venue.model.js","statementMap":{"0":{"start":{"line":1,"column":17},"end":{"line":1,"column":36}},"1":{"start":{"line":2,"column":19},"end":{"line":2,"column":27}},"2":{"start":{"line":4,"column":20},"end":{"line":31,"column":24}},"3":{"start":{"line":16,"column":8},"end":{"line":16,"column":30}},"4":{"start":{"line":33,"column":0},"end":{"line":33,"column":54}}},"fnMap":{"0":{"name":"(anonymous_0)","decl":{"start":{"line":15,"column":17},"end":{"line":15,"column":18}},"loc":{"start":{"line":15,"column":29},"end":{"line":17,"column":7}},"line":15}},"branchMap":{},"s":{"0":4,"1":4,"2":4,"3":0,"4":4},"f":{"0":0},"b":{},"_coverageSchema":"1a1c01bbd47fc00a2c39e90264f33305004495a9","hash":"eaf1b99d93f8913e801843258564e6ea1cc87162"}
,"C:\\Users\\bonga\\Documents\\EventsApi\\SDP\\Events-Api\\routes\\auth.route.js": {"path":"C:\\Users\\bonga\\Documents\\EventsApi\\SDP\\Events-Api\\routes\\auth.route.js","statementMap":{"0":{"start":{"line":1,"column":16},"end":{"line":1,"column":34}},"1":{"start":{"line":2,"column":15},"end":{"line":2,"column":31}},"2":{"start":{"line":3,"column":81},"end":{"line":3,"column":122}},"3":{"start":{"line":6,"column":0},"end":{"line":6,"column":31}},"4":{"start":{"line":7,"column":0},"end":{"line":7,"column":29}},"5":{"start":{"line":8,"column":0},"end":{"line":8,"column":31}},"6":{"start":{"line":9,"column":0},"end":{"line":9,"column":48}},"7":{"start":{"line":10,"column":0},"end":{"line":10,"column":58}},"8":{"start":{"line":11,"column":0},"end":{"line":11,"column":49}},"9":{"start":{"line":13,"column":0},"end":{"line":13,"column":24}}},"fnMap":{},"branchMap":{},"s":{"0":4,"1":4,"2":4,"3":4,"4":4,"5":4,"6":4,"7":4,"8":4,"9":4},"f":{},"b":{},"_coverageSchema":"1a1c01bbd47fc00a2c39e90264f33305004495a9","hash":"4bbed8df8fc7bd00189f2d468fda0298e98c7b7e"}
,"C:\\Users\\bonga\\Documents\\EventsApi\\SDP\\Events-Api\\routes\\category.route.js": {"path":"C:\\Users\\bonga\\Documents\\EventsApi\\SDP\\Events-Api\\routes\\category.route.js","statementMap":{"0":{"start":{"line":1,"column":16},"end":{"line":1,"column":34}},"1":{"start":{"line":2,"column":15},"end":{"line":2,"column":31}},"2":{"start":{"line":8,"column":4},"end":{"line":8,"column":49}},"3":{"start":{"line":10,"column":15},"end":{"line":10,"column":47}},"4":{"start":{"line":12,"column":25},"end":{"line":12,"column":69}},"5":{"start":{"line":15,"column":0},"end":{"line":15,"column":47}},"6":{"start":{"line":18,"column":0},"end":{"line":18,"column":67}},"7":{"start":{"line":21,"column":0},"end":{"line":21,"column":72}},"8":{"start":{"line":24,"column":0},"end":{"line":24,"column":51}},"9":{"start":{"line":26,"column":0},"end":{"line":26,"column":24}}},"fnMap":{},"branchMap":{},"s":{"0":4,"1":4,"2":4,"3":4,"4":4,"5":4,"6":4,"7":4,"8":4,"9":4},"f":{},"b":{},"_coverageSchema":"1a1c01bbd47fc00a2c39e90264f33305004495a9","hash":"69083a2de1c083fd3a412541f4ee63257c671fa0"}
,"C:\\Users\\bonga\\Documents\\EventsApi\\SDP\\Events-Api\\routes\\event.route.js": {"path":"C:\\Users\\bonga\\Documents\\EventsApi\\SDP\\Events-Api\\routes\\event.route.js","statementMap":{"0":{"start":{"line":1,"column":16},"end":{"line":1,"column":34}},"1":{"start":{"line":2,"column":15},"end":{"line":2,"column":31}},"2":{"start":{"line":3,"column":25},"end":{"line":3,"column":69}},"3":{"start":{"line":4,"column":252},"end":{"line":4,"column":295}},"4":{"start":{"line":5,"column":15},"end":{"line":5,"column":47}},"5":{"start":{"line":8,"column":0},"end":{"line":8,"column":27}},"6":{"start":{"line":9,"column":0},"end":{"line":9,"column":34}},"7":{"start":{"line":10,"column":0},"end":{"line":10,"column":31}},"8":{"start":{"line":11,"column":0},"end":{"line":11,"column":50}},"9":{"start":{"line":12,"column":0},"end":{"line":12,"column":54}},"10":{"start":{"line":13,"column":0},"end":{"line":13,"column":42}},"11":{"start":{"line":14,"column":0},"end":{"line":14,"column":41}},"12":{"start":{"line":15,"column":0},"end":{"line":15,"column":29}},"13":{"start":{"line":18,"column":0},"end":{"line":18,"column":47}},"14":{"start":{"line":19,"column":0},"end":{"line":19,"column":65}},"15":{"start":{"line":20,"column":0},"end":{"line":20,"column":71}},"16":{"start":{"line":22,"column":0},"end":{"line":22,"column":53}},"17":{"start":{"line":23,"column":0},"end":{"line":23,"column":35}},"18":{"start":{"line":24,"column":0},"end":{"line":24,"column":40}},"19":{"start":{"line":26,"column":0},"end":{"line":26,"column":32}},"20":{"start":{"line":31,"column":0},"end":{"line":31,"column":64}},"21":{"start":{"line":32,"column":0},"end":{"line":32,"column":44}},"22":{"start":{"line":34,"column":0},"end":{"line":34,"column":24}}},"fnMap":{},"branchMap":{},"s":{"0":4,"1":4,"2":4,"3":4,"4":4,"5":4,"6":4,"7":4,"8":4,"9":4,"10":4,"11":4,"12":4,"13":4,"14":4,"15":4,"16":4,"17":4,"18":4,"19":4,"20":4,"21":4,"22":4},"f":{},"b":{},"_coverageSchema":"1a1c01bbd47fc00a2c39e90264f33305004495a9","hash":"ad6df5b8e9d17903781a80cf8ad72a47b9deee7c"}
,"C:\\Users\\bonga\\Documents\\EventsApi\\SDP\\Events-Api\\routes\\ticket.route.js": {"path":"C:\\Users\\bonga\\Documents\\EventsApi\\SDP\\Events-Api\\routes\\ticket.route.js","statementMap":{"0":{"start":{"line":1,"column":16},"end":{"line":1,"column":34}},"1":{"start":{"line":2,"column":15},"end":{"line":2,"column":31}},"2":{"start":{"line":3,"column":109},"end":{"line":3,"column":152}},"3":{"start":{"line":4,"column":25},"end":{"line":4,"column":69}},"4":{"start":{"line":6,"column":0},"end":{"line":6,"column":46}},"5":{"start":{"line":8,"column":0},"end":{"line":8,"column":51}},"6":{"start":{"line":10,"column":0},"end":{"line":10,"column":49}},"7":{"start":{"line":12,"column":0},"end":{"line":12,"column":62}},"8":{"start":{"line":14,"column":0},"end":{"line":14,"column":50}},"9":{"start":{"line":16,"column":0},"end":{"line":16,"column":45}},"10":{"start":{"line":18,"column":0},"end":{"line":18,"column":24}}},"fnMap":{},"branchMap":{},"s":{"0":4,"1":4,"2":4,"3":4,"4":4,"5":4,"6":4,"7":4,"8":4,"9":4,"10":4},"f":{},"b":{},"_coverageSchema":"1a1c01bbd47fc00a2c39e90264f33305004495a9","hash":"beeadd1162a3d5cb107baad67805dca36e6442c7"}
,"C:\\Users\\bonga\\Documents\\EventsApi\\SDP\\Events-Api\\routes\\user.route.js": {"path":"C:\\Users\\bonga\\Documents\\EventsApi\\SDP\\Events-Api\\routes\\user.route.js","statementMap":{"0":{"start":{"line":1,"column":16},"end":{"line":1,"column":34}},"1":{"start":{"line":2,"column":15},"end":{"line":2,"column":31}},"2":{"start":{"line":3,"column":205},"end":{"line":3,"column":247}},"3":{"start":{"line":5,"column":25},"end":{"line":5,"column":69}},"4":{"start":{"line":6,"column":15},"end":{"line":6,"column":47}},"5":{"start":{"line":8,"column":0},"end":{"line":8,"column":46}},"6":{"start":{"line":10,"column":0},"end":{"line":10,"column":52}},"7":{"start":{"line":12,"column":0},"end":{"line":12,"column":44}},"8":{"start":{"line":14,"column":0},"end":{"line":14,"column":79}},"9":{"start":{"line":16,"column":0},"end":{"line":16,"column":58}},"10":{"start":{"line":18,"column":0},"end":{"line":18,"column":57}},"11":{"start":{"line":20,"column":0},"end":{"line":20,"column":60}},"12":{"start":{"line":22,"column":0},"end":{"line":22,"column":61}},"13":{"start":{"line":24,"column":0},"end":{"line":24,"column":70}},"14":{"start":{"line":26,"column":0},"end":{"line":26,"column":74}},"15":{"start":{"line":28,"column":0},"end":{"line":28,"column":60}},"16":{"start":{"line":31,"column":0},"end":{"line":31,"column":24}}},"fnMap":{},"branchMap":{},"s":{"0":4,"1":4,"2":4,"3":4,"4":4,"5":4,"6":4,"7":4,"8":4,"9":4,"10":4,"11":4,"12":4,"13":4,"14":4,"15":4,"16":4},"f":{},"b":{},"_coverageSchema":"1a1c01bbd47fc00a2c39e90264f33305004495a9","hash":"b3ef5e2ef06026e2f2ddf6899cef61c643c7dadd"}
,"C:\\Users\\bonga\\Documents\\EventsApi\\SDP\\Events-Api\\routes\\venue.route.js": {"path":"C:\\Users\\bonga\\Documents\\EventsApi\\SDP\\Events-Api\\routes\\venue.route.js","statementMap":{"0":{"start":{"line":1,"column":16},"end":{"line":1,"column":34}},"1":{"start":{"line":2,"column":15},"end":{"line":2,"column":31}},"2":{"start":{"line":9,"column":4},"end":{"line":9,"column":46}},"3":{"start":{"line":11,"column":25},"end":{"line":11,"column":69}},"4":{"start":{"line":12,"column":0},"end":{"line":12,"column":30}},"5":{"start":{"line":13,"column":0},"end":{"line":13,"column":37}},"6":{"start":{"line":14,"column":0},"end":{"line":14,"column":40}},"7":{"start":{"line":15,"column":0},"end":{"line":15,"column":46}},"8":{"start":{"line":16,"column":0},"end":{"line":16,"column":50}},"9":{"start":{"line":18,"column":0},"end":{"line":18,"column":24}}},"fnMap":{},"branchMap":{},"s":{"0":4,"1":4,"2":4,"3":4,"4":4,"5":4,"6":4,"7":4,"8":4,"9":4},"f":{},"b":{},"_coverageSchema":"1a1c01bbd47fc00a2c39e90264f33305004495a9","hash":"4a0bc94ead7617133c56e7945d58036cbefdd747"}
,"C:\\Users\\bonga\\Documents\\EventsApi\\SDP\\Events-Api\\test\\login.js": {"path":"C:\\Users\\bonga\\Documents\\EventsApi\\SDP\\Events-Api\\test\\login.js","statementMap":{"0":{"start":{"line":1,"column":16},"end":{"line":1,"column":36}},"1":{"start":{"line":2,"column":12},"end":{"line":2,"column":29}},"2":{"start":{"line":4,"column":26},"end":{"line":7,"column":6}},"3":{"start":{"line":8,"column":4},"end":{"line":8,"column":36}},"4":{"start":{"line":11,"column":0},"end":{"line":11,"column":29}}},"fnMap":{"0":{"name":"getUserToken","decl":{"start":{"line":3,"column":15},"end":{"line":3,"column":27}},"loc":{"start":{"line":3,"column":29},"end":{"line":9,"column":1}},"line":3}},"branchMap":{},"s":{"0":3,"1":3,"2":4,"3":4,"4":3},"f":{"0":4},"b":{},"_coverageSchema":"1a1c01bbd47fc00a2c39e90264f33305004495a9","hash":"ca627bcd2392951e385123d9acb7f193d698ba6b"}
,"C:\\Users\\bonga\\Documents\\EventsApi\\SDP\\Events-Api\\utils\\azureBlob.js": {"path":"C:\\Users\\bonga\\Documents\\EventsApi\\SDP\\Events-Api\\utils\\azureBlob.js","statementMap":{"0":{"start":{"line":2,"column":30},"end":{"line":2,"column":60}},"1":{"start":{"line":3,"column":13},"end":{"line":3,"column":28}},"2":{"start":{"line":4,"column":11},"end":{"line":4,"column":24}},"3":{"start":{"line":6,"column":40},"end":{"line":6,"column":83}},"4":{"start":{"line":7,"column":22},"end":{"line":7,"column":30}},"5":{"start":{"line":9,"column":26},"end":{"line":9,"column":97}},"6":{"start":{"line":10,"column":24},"end":{"line":10,"column":75}},"7":{"start":{"line":12,"column":20},"end":{"line":24,"column":1}},"8":{"start":{"line":13,"column":19},"end":{"line":13,"column":42}},"9":{"start":{"line":14,"column":26},"end":{"line":14,"column":70}},"10":{"start":{"line":16,"column":2},"end":{"line":23,"column":3}},"11":{"start":{"line":17,"column":31},"end":{"line":17,"column":73}},"12":{"start":{"line":19,"column":4},"end":{"line":19,"column":31}},"13":{"start":{"line":21,"column":4},"end":{"line":21,"column":59}},"14":{"start":{"line":22,"column":4},"end":{"line":22,"column":16}},"15":{"start":{"line":26,"column":0},"end":{"line":26,"column":33}}},"fnMap":{"0":{"name":"(anonymous_0)","decl":{"start":{"line":12,"column":20},"end":{"line":12,"column":21}},"loc":{"start":{"line":12,"column":40},"end":{"line":24,"column":1}},"line":12}},"branchMap":{},"s":{"0":4,"1":4,"2":4,"3":4,"4":4,"5":4,"6":4,"7":4,"8":0,"9":0,"10":0,"11":0,"12":0,"13":0,"14":0,"15":4},"f":{"0":0},"b":{},"_coverageSchema":"1a1c01bbd47fc00a2c39e90264f33305004495a9","hash":"576f3c63e9a1961952cd4545df1ab992fbba5b32"}
,"C:\\Users\\bonga\\Documents\\EventsApi\\SDP\\Events-Api\\utils\\generateToken.js": {"path":"C:\\Users\\bonga\\Documents\\EventsApi\\SDP\\Events-Api\\utils\\generateToken.js","statementMap":{"0":{"start":{"line":1,"column":12},"end":{"line":1,"column":35}},"1":{"start":{"line":3,"column":34},"end":{"line":16,"column":1}},"2":{"start":{"line":4,"column":18},"end":{"line":6,"column":6}},"3":{"start":{"line":8,"column":4},"end":{"line":13,"column":7}},"4":{"start":{"line":15,"column":4},"end":{"line":15,"column":17}},"5":{"start":{"line":18,"column":0},"end":{"line":18,"column":43}}},"fnMap":{"0":{"name":"(anonymous_0)","decl":{"start":{"line":3,"column":34},"end":{"line":3,"column":35}},"loc":{"start":{"line":3,"column":49},"end":{"line":16,"column":1}},"line":3}},"branchMap":{},"s":{"0":4,"1":4,"2":6,"3":6,"4":6,"5":4},"f":{"0":6},"b":{},"_coverageSchema":"1a1c01bbd47fc00a2c39e90264f33305004495a9","hash":"3a80b53ccbc1317aa27371b963d3345a30f14e5b"}
,"C:\\Users\\bonga\\Documents\\EventsApi\\SDP\\Events-Api\\utils\\multerConfig.js": {"path":"C:\\Users\\bonga\\Documents\\EventsApi\\SDP\\Events-Api\\utils\\multerConfig.js","statementMap":{"0":{"start":{"line":1,"column":15},"end":{"line":1,"column":32}},"1":{"start":{"line":2,"column":13},"end":{"line":2,"column":28}},"2":{"start":{"line":4,"column":16},"end":{"line":12,"column":2}},"3":{"start":{"line":6,"column":27},"end":{"line":6,"column":64}},"4":{"start":{"line":7,"column":8},"end":{"line":7,"column":29}},"5":{"start":{"line":10,"column":8},"end":{"line":10,"column":63}},"6":{"start":{"line":14,"column":19},"end":{"line":20,"column":1}},"7":{"start":{"line":15,"column":4},"end":{"line":19,"column":5}},"8":{"start":{"line":16,"column":8},"end":{"line":16,"column":23}},"9":{"start":{"line":18,"column":8},"end":{"line":18,"column":69}},"10":{"start":{"line":22,"column":15},"end":{"line":25,"column":2}},"11":{"start":{"line":27,"column":0},"end":{"line":27,"column":24}}},"fnMap":{"0":{"name":"(anonymous_0)","decl":{"start":{"line":5,"column":17},"end":{"line":5,"column":18}},"loc":{"start":{"line":5,"column":42},"end":{"line":8,"column":5}},"line":5},"1":{"name":"(anonymous_1)","decl":{"start":{"line":9,"column":14},"end":{"line":9,"column":15}},"loc":{"start":{"line":9,"column":39},"end":{"line":11,"column":5}},"line":9},"2":{"name":"(anonymous_2)","decl":{"start":{"line":14,"column":19},"end":{"line":14,"column":20}},"loc":{"start":{"line":14,"column":38},"end":{"line":20,"column":1}},"line":14}},"branchMap":{"0":{"loc":{"start":{"line":15,"column":4},"end":{"line":19,"column":5}},"type":"if","locations":[{"start":{"line":15,"column":4},"end":{"line":19,"column":5}},{"start":{"line":17,"column":11},"end":{"line":19,"column":5}}],"line":15}},"s":{"0":4,"1":4,"2":4,"3":0,"4":0,"5":0,"6":4,"7":0,"8":0,"9":0,"10":4,"11":4},"f":{"0":0,"1":0,"2":0},"b":{"0":[0,0]},"_coverageSchema":"1a1c01bbd47fc00a2c39e90264f33305004495a9","hash":"bbe2066684a434dd059a7c9c1ddcc8d7a906f488"}
,"C:\\Users\\bonga\\Documents\\EventsApi\\SDP\\Events-Api\\utils\\nodemail.util.js": {"path":"C:\\Users\\bonga\\Documents\\EventsApi\\SDP\\Events-Api\\utils\\nodemail.util.js","statementMap":{"0":{"start":{"line":1,"column":19},"end":{"line":1,"column":40}},"1":{"start":{"line":2,"column":13},"end":{"line":2,"column":44}},"2":{"start":{"line":3,"column":18},"end":{"line":3,"column":49}},"3":{"start":{"line":5,"column":20},"end":{"line":13,"column":2}},"4":{"start":{"line":15,"column":18},"end":{"line":30,"column":1}},"5":{"start":{"line":16,"column":24},"end":{"line":21,"column":5}},"6":{"start":{"line":23,"column":4},"end":{"line":29,"column":5}},"7":{"start":{"line":24,"column":21},"end":{"line":24,"column":60}},"8":{"start":{"line":25,"column":8},"end":{"line":25,"column":39}},"9":{"start":{"line":27,"column":8},"end":{"line":27,"column":53}},"10":{"start":{"line":28,"column":8},"end":{"line":28,"column":41}},"11":{"start":{"line":33,"column":19},"end":{"line":42,"column":1}},"12":{"start":{"line":34,"column":17},"end":{"line":34,"column":49}},"13":{"start":{"line":35,"column":20},"end":{"line":35,"column":53}},"14":{"start":{"line":36,"column":25},"end":{"line":36,"column":32}},"15":{"start":{"line":38,"column":4},"end":{"line":40,"column":5}},"16":{"start":{"line":39,"column":8},"end":{"line":39,"column":59}},"17":{"start":{"line":45,"column":0},"end":{"line":49,"column":2}}},"fnMap":{"0":{"name":"(anonymous_0)","decl":{"start":{"line":15,"column":18},"end":{"line":15,"column":19}},"loc":{"start":{"line":15,"column":53},"end":{"line":30,"column":1}},"line":15},"1":{"name":"(anonymous_1)","decl":{"start":{"line":33,"column":19},"end":{"line":33,"column":20}},"loc":{"start":{"line":33,"column":53},"end":{"line":42,"column":1}},"line":33}},"branchMap":{"0":{"loc":{"start":{"line":38,"column":4},"end":{"line":40,"column":5}},"type":"if","locations":[{"start":{"line":38,"column":4},"end":{"line":40,"column":5}},{"start":{},"end":{}}],"line":38},"1":{"loc":{"start":{"line":38,"column":8},"end":{"line":38,"column":87}},"type":"binary-expr","locations":[{"start":{"line":38,"column":8},"end":{"line":38,"column":48}},{"start":{"line":38,"column":52},"end":{"line":38,"column":87}}],"line":38}},"s":{"0":4,"1":4,"2":4,"3":4,"4":4,"5":0,"6":0,"7":0,"8":0,"9":0,"10":0,"11":4,"12":0,"13":0,"14":0,"15":0,"16":0,"17":4},"f":{"0":0,"1":0},"b":{"0":[0,0],"1":[0,0]},"_coverageSchema":"1a1c01bbd47fc00a2c39e90264f33305004495a9","hash":"66bfe4c479945eb9a89010860d96e141c743f9ab"}
,"C:\\Users\\bonga\\Documents\\EventsApi\\SDP\\Events-Api\\utils\\notifyAttendees.js": {"path":"C:\\Users\\bonga\\Documents\\EventsApi\\SDP\\Events-Api\\utils\\notifyAttendees.js","statementMap":{"0":{"start":{"line":1,"column":21},"end":{"line":1,"column":60}},"1":{"start":{"line":2,"column":13},"end":{"line":2,"column":44}},"2":{"start":{"line":3,"column":23},"end":{"line":3,"column":49}},"3":{"start":{"line":5,"column":24},"end":{"line":42,"column":1}},"4":{"start":{"line":6,"column":4},"end":{"line":41,"column":5}},"5":{"start":{"line":8,"column":26},"end":{"line":8,"column":53}},"6":{"start":{"line":10,"column":8},"end":{"line":13,"column":9}},"7":{"start":{"line":11,"column":12},"end":{"line":11,"column":61}},"8":{"start":{"line":12,"column":12},"end":{"line":12,"column":19}},"9":{"start":{"line":16,"column":30},"end":{"line":21,"column":11}},"10":{"start":{"line":16,"column":55},"end":{"line":21,"column":9}},"11":{"start":{"line":24,"column":40},"end":{"line":30,"column":10}},"12":{"start":{"line":26,"column":12},"end":{"line":26,"column":51}},"13":{"start":{"line":29,"column":12},"end":{"line":29,"column":40}},"14":{"start":{"line":33,"column":38},"end":{"line":33,"column":80}},"15":{"start":{"line":36,"column":8},"end":{"line":36,"column":61}},"16":{"start":{"line":38,"column":8},"end":{"line":38,"column":66}},"17":{"start":{"line":40,"column":8},"end":{"line":40,"column":61}},"18":{"start":{"line":44,"column":0},"end":{"line":44,"column":33}}},"fnMap":{"0":{"name":"(anonymous_0)","decl":{"start":{"line":5,"column":24},"end":{"line":5,"column":25}},"loc":{"start":{"line":5,"column":50},"end":{"line":42,"column":1}},"line":5},"1":{"name":"(anonymous_1)","decl":{"start":{"line":16,"column":44},"end":{"line":16,"column":45}},"loc":{"start":{"line":16,"column":55},"end":{"line":21,"column":9}},"line":16},"2":{"name":"(anonymous_2)","decl":{"start":{"line":24,"column":54},"end":{"line":24,"column":55}},"loc":{"start":{"line":24,"column":77},"end":{"line":30,"column":9}},"line":24}},"branchMap":{"0":{"loc":{"start":{"line":10,"column":8},"end":{"line":13,"column":9}},"type":"if","locations":[{"start":{"line":10,"column":8},"end":{"line":13,"column":9}},{"start":{},"end":{}}],"line":10}},"s":{"0":4,"1":4,"2":4,"3":4,"4":0,"5":0,"6":0,"7":0,"8":0,"9":0,"10":0,"11":0,"12":0,"13":0,"14":0,"15":0,"16":0,"17":0,"18":4},"f":{"0":0,"1":0,"2":0},"b":{"0":[0,0]},"_coverageSchema":"1a1c01bbd47fc00a2c39e90264f33305004495a9","hash":"f31a0a245f7aeb66f76bd264d2d69f7b3547a657"}
}
