TN:
SF:app.js
FNF:0
FNH:0
DA:3,4
DA:4,4
DA:5,4
DA:6,4
DA:7,4
DA:8,4
DA:10,4
DA:11,4
DA:14,4
DA:15,4
DA:16,4
DA:17,4
DA:18,4
DA:19,4
DA:20,4
DA:22,4
DA:24,4
DA:25,4
DA:26,4
DA:27,4
DA:28,4
DA:30,4
DA:37,4
DA:40,4
DA:42,4
DA:43,4
DA:44,4
DA:45,4
DA:46,4
DA:47,4
DA:49,4
LF:31
LH:31
BRF:0
BRH:0
end_of_record
TN:
SF:config\dbconnect.js
FN:3,(anonymous_0)
FNF:1
FNH:1
FNDA:5,(anonymous_0)
DA:1,4
DA:3,4
DA:4,5
DA:5,5
DA:6,4
DA:8,1
DA:12,4
LF:7
LH:7
BRF:0
BRH:0
end_of_record
TN:
SF:config\firebase.js
FNF:0
FNH:0
DA:2,4
DA:3,4
DA:5,4
DA:9,4
LF:4
LH:4
BRF:0
BRH:0
end_of_record
TN:
SF:controllers\auth.controller.js
FN:7,(anonymous_0)
FN:62,(anonymous_1)
FN:118,(anonymous_2)
FN:128,(anonymous_3)
FN:193,(anonymous_4)
FN:225,(anonymous_5)
FNF:6
FNH:2
FNDA:12,(anonymous_0)
FNDA:0,(anonymous_1)
FNDA:2,(anonymous_2)
FNDA:0,(anonymous_3)
FNDA:0,(anonymous_4)
FNDA:0,(anonymous_5)
DA:1,4
DA:2,4
DA:3,4
DA:4,4
DA:5,4
DA:7,4
DA:8,12
DA:9,12
DA:11,12
DA:12,0
DA:13,0
DA:15,0
DA:17,0
DA:18,0
DA:21,0
DA:27,0
DA:30,0
DA:32,0
DA:37,12
DA:38,3
DA:41,9
DA:42,8
DA:47,8
DA:48,2
DA:51,6
DA:53,6
DA:58,1
DA:62,4
DA:63,0
DA:64,0
DA:65,0
DA:68,0
DA:69,0
DA:72,0
DA:73,0
DA:76,0
DA:78,0
DA:79,0
DA:82,0
DA:83,0
DA:84,0
DA:87,0
DA:88,0
DA:91,0
DA:94,0
DA:102,0
DA:104,0
DA:106,0
DA:111,0
DA:114,0
DA:118,4
DA:119,2
DA:120,2
DA:121,1
DA:124,1
DA:128,4
DA:129,0
DA:130,0
DA:132,0
DA:133,0
DA:136,0
DA:138,0
DA:139,0
DA:142,0
DA:143,0
DA:147,0
DA:148,0
DA:149,0
DA:151,0
DA:175,0
DA:180,0
DA:181,0
DA:183,0
DA:188,0
DA:189,0
DA:193,4
DA:194,0
DA:195,0
DA:196,0
DA:198,0
DA:199,0
DA:204,0
DA:209,0
DA:210,0
DA:213,0
DA:214,0
DA:215,0
DA:218,0
DA:221,0
DA:225,4
DA:226,0
DA:227,0
DA:228,0
DA:229,0
DA:232,0
DA:233,0
DA:234,0
DA:237,0
DA:238,0
DA:240,0
DA:241,0
DA:242,0
DA:243,0
DA:245,0
DA:248,0
DA:252,4
LF:106
LH:28
BRDA:11,0,0,0
BRDA:11,0,1,12
BRDA:17,1,0,0
BRDA:17,1,1,0
BRDA:37,2,0,3
BRDA:37,2,1,9
BRDA:37,3,0,12
BRDA:37,3,1,10
BRDA:44,4,0,8
BRDA:44,4,1,1
BRDA:47,5,0,2
BRDA:47,5,1,6
BRDA:47,6,0,8
BRDA:47,6,1,7
BRDA:68,7,0,0
BRDA:68,7,1,0
BRDA:68,8,0,0
BRDA:68,8,1,0
BRDA:68,8,2,0
BRDA:72,9,0,0
BRDA:72,9,1,0
BRDA:78,10,0,0
BRDA:78,10,1,0
BRDA:83,11,0,0
BRDA:83,11,1,0
BRDA:132,12,0,0
BRDA:132,12,1,0
BRDA:138,13,0,0
BRDA:138,13,1,0
BRDA:158,14,0,0
BRDA:158,14,1,0
BRDA:180,15,0,0
BRDA:180,15,1,0
BRDA:198,16,0,0
BRDA:198,16,1,0
BRDA:198,17,0,0
BRDA:198,17,1,0
BRDA:209,18,0,0
BRDA:209,18,1,0
BRDA:214,19,0,0
BRDA:214,19,1,0
BRDA:228,20,0,0
BRDA:228,20,1,0
BRDA:228,21,0,0
BRDA:228,21,1,0
BRDA:233,22,0,0
BRDA:233,22,1,0
BRF:47
BRH:11
end_of_record
TN:
SF:controllers\category.controller.js
FN:8,(anonymous_0)
FN:19,(anonymous_1)
FN:41,(anonymous_2)
FN:58,(anonymous_3)
FN:77,(anonymous_4)
FN:106,(anonymous_5)
FNF:6
FNH:0
FNDA:0,(anonymous_0)
FNDA:0,(anonymous_1)
FNDA:0,(anonymous_2)
FNDA:0,(anonymous_3)
FNDA:0,(anonymous_4)
FNDA:0,(anonymous_5)
DA:1,4
DA:2,4
DA:3,4
DA:4,4
DA:8,4
DA:9,0
DA:10,0
DA:11,0
DA:13,0
DA:14,0
DA:19,4
DA:20,0
DA:21,0
DA:23,0
DA:25,0
DA:26,0
DA:30,0
DA:31,0
DA:35,0
DA:38,0
DA:41,0
DA:42,0
DA:43,0
DA:48,0
DA:49,0
DA:50,0
DA:52,0
DA:53,0
DA:58,4
DA:59,0
DA:60,0
DA:61,0
DA:63,0
DA:65,0
DA:66,0
DA:69,0
DA:70,0
DA:71,0
DA:74,0
DA:77,0
DA:78,0
DA:79,0
DA:85,0
DA:94,0
DA:95,0
DA:98,0
DA:100,0
DA:101,0
DA:106,4
DA:107,0
DA:109,0
DA:110,0
DA:111,0
DA:112,0
DA:115,0
DA:117,0
DA:118,0
DA:122,4
LF:58
LH:9
BRDA:25,0,0,0
BRDA:25,0,1,0
BRDA:30,1,0,0
BRDA:30,1,1,0
BRDA:42,2,0,0
BRDA:42,2,1,0
BRDA:65,3,0,0
BRDA:65,3,1,0
BRDA:70,4,0,0
BRDA:70,4,1,0
BRDA:78,5,0,0
BRDA:78,5,1,0
BRDA:89,6,0,0
BRDA:89,6,1,0
BRDA:94,7,0,0
BRDA:94,7,1,0
BRDA:111,8,0,0
BRDA:111,8,1,0
BRF:18
BRH:0
end_of_record
TN:
SF:controllers\events.controller.js
FN:10,(anonymous_0)
FN:18,(anonymous_1)
FN:19,(anonymous_2)
FN:41,(anonymous_3)
FN:61,(anonymous_4)
FN:81,(anonymous_5)
FN:95,(anonymous_6)
FN:103,(anonymous_7)
FN:121,(anonymous_8)
FN:130,(anonymous_9)
FN:149,(anonymous_10)
FN:158,(anonymous_11)
FN:176,(anonymous_12)
FN:182,(anonymous_13)
FN:199,(anonymous_14)
FN:227,(anonymous_15)
FN:242,(anonymous_16)
FN:278,(anonymous_17)
FN:287,(anonymous_18)
FN:293,(anonymous_19)
FN:311,(anonymous_20)
FN:324,(anonymous_21)
FN:327,(anonymous_22)
FN:331,(anonymous_23)
FN:358,(anonymous_24)
FN:418,(anonymous_25)
FN:550,(anonymous_26)
FN:594,(anonymous_27)
FN:625,(anonymous_28)
FN:653,(anonymous_29)
FN:718,(anonymous_30)
FN:725,(anonymous_31)
FN:899,(anonymous_32)
FN:928,(anonymous_33)
FNF:34
FNH:11
FNDA:40,(anonymous_0)
FNDA:6,(anonymous_1)
FNDA:45,(anonymous_2)
FNDA:3,(anonymous_3)
FNDA:0,(anonymous_4)
FNDA:2,(anonymous_5)
FNDA:2,(anonymous_6)
FNDA:10,(anonymous_7)
FNDA:2,(anonymous_8)
FNDA:10,(anonymous_9)
FNDA:2,(anonymous_10)
FNDA:10,(anonymous_11)
FNDA:0,(anonymous_12)
FNDA:0,(anonymous_13)
FNDA:0,(anonymous_14)
FNDA:0,(anonymous_15)
FNDA:0,(anonymous_16)
FNDA:0,(anonymous_17)
FNDA:0,(anonymous_18)
FNDA:0,(anonymous_19)
FNDA:0,(anonymous_20)
FNDA:0,(anonymous_21)
FNDA:0,(anonymous_22)
FNDA:0,(anonymous_23)
FNDA:0,(anonymous_24)
FNDA:0,(anonymous_25)
FNDA:0,(anonymous_26)
FNDA:0,(anonymous_27)
FNDA:0,(anonymous_28)
FNDA:0,(anonymous_29)
FNDA:0,(anonymous_30)
FNDA:0,(anonymous_31)
FNDA:0,(anonymous_32)
FNDA:0,(anonymous_33)
DA:1,4
DA:2,4
DA:3,4
DA:4,4
DA:5,4
DA:6,4
DA:7,4
DA:8,4
DA:10,4
DA:12,40
DA:13,40
DA:14,40
DA:18,4
DA:19,45
DA:41,4
DA:42,3
DA:43,3
DA:48,2
DA:50,2
DA:57,1
DA:61,4
DA:62,0
DA:63,0
DA:68,0
DA:70,0
DA:77,0
DA:81,4
DA:82,2
DA:83,2
DA:84,2
DA:88,1
DA:91,1
DA:95,4
DA:96,2
DA:97,2
DA:98,2
DA:102,1
DA:103,1
DA:104,10
DA:105,10
DA:108,1
DA:110,1
DA:117,1
DA:121,4
DA:122,2
DA:123,2
DA:125,2
DA:129,1
DA:130,1
DA:131,10
DA:132,10
DA:133,10
DA:136,1
DA:138,1
DA:145,1
DA:149,4
DA:150,2
DA:151,2
DA:153,2
DA:157,1
DA:158,1
DA:159,10
DA:160,10
DA:163,1
DA:165,1
DA:172,1
DA:176,4
DA:177,0
DA:178,0
DA:182,0
DA:184,0
DA:186,0
DA:188,0
DA:195,0
DA:199,4
DA:200,0
DA:201,0
DA:203,0
DA:204,0
DA:208,0
DA:212,0
DA:213,0
DA:218,0
DA:226,0
DA:227,0
DA:229,0
DA:231,0
DA:238,0
DA:242,4
DA:243,0
DA:246,0
DA:247,0
DA:250,0
DA:252,0
DA:273,0
DA:274,0
DA:278,0
DA:281,0
DA:287,0
DA:288,0
DA:289,0
DA:293,0
DA:299,0
DA:301,0
DA:307,0
DA:311,4
DA:312,0
DA:313,0
DA:315,0
DA:317,0
DA:322,0
DA:324,0
DA:325,0
DA:327,0
DA:328,0
DA:331,0
DA:332,0
DA:333,0
DA:334,0
DA:336,0
DA:339,0
DA:340,0
DA:343,0
DA:345,0
DA:352,0
DA:358,4
DA:359,0
DA:360,0
DA:363,0
DA:364,0
DA:368,0
DA:373,0
DA:374,0
DA:380,0
DA:381,0
DA:385,0
DA:412,0
DA:418,4
DA:419,0
DA:420,0
DA:435,0
DA:438,0
DA:449,0
DA:455,0
DA:456,0
DA:459,0
DA:460,0
DA:462,0
DA:463,0
DA:464,0
DA:467,0
DA:468,0
DA:472,0
DA:473,0
DA:481,0
DA:487,0
DA:493,0
DA:494,0
DA:500,0
DA:501,0
DA:502,0
DA:503,0
DA:504,0
DA:505,0
DA:506,0
DA:507,0
DA:510,0
DA:511,0
DA:512,0
DA:513,0
DA:517,0
DA:518,0
DA:522,0
DA:550,0
DA:564,0
DA:567,0
DA:590,0
DA:594,4
DA:595,0
DA:596,0
DA:599,0
DA:600,0
DA:601,0
DA:610,0
DA:613,0
DA:619,0
DA:625,4
DA:626,0
DA:627,0
DA:630,0
DA:631,0
DA:632,0
DA:633,0
DA:635,0
DA:636,0
DA:643,0
DA:644,0
DA:646,0
DA:649,0
DA:653,4
DA:654,0
DA:667,0
DA:669,0
DA:672,0
DA:681,0
DA:687,0
DA:688,0
DA:691,0
DA:692,0
DA:693,0
DA:695,0
DA:696,0
DA:704,0
DA:705,0
DA:711,0
DA:712,0
DA:716,0
DA:717,0
DA:718,0
DA:719,0
DA:721,0
DA:722,0
DA:725,0
DA:726,0
DA:731,0
DA:734,0
DA:738,0
DA:741,0
DA:746,0
DA:764,0
DA:765,0
DA:768,0
DA:770,0
DA:792,0
DA:899,4
DA:900,0
DA:901,0
DA:903,0
DA:904,0
DA:905,0
DA:908,0
DA:909,0
DA:916,0
DA:917,0
DA:921,0
DA:924,0
DA:928,4
DA:929,0
DA:931,0
DA:939,0
DA:941,0
DA:948,0
DA:953,4
LF:253
LH:73
BRDA:35,0,0,45
BRDA:35,0,1,45
BRDA:36,1,0,45
BRDA:36,1,1,43
BRDA:37,2,0,45
BRDA:37,2,1,0
BRDA:97,3,0,0
BRDA:97,3,1,2
BRDA:123,4,0,0
BRDA:123,4,1,2
BRDA:133,5,0,10
BRDA:133,5,1,8
BRDA:151,6,0,0
BRDA:151,6,1,2
BRDA:201,7,0,0
BRDA:201,7,1,0
BRDA:203,8,0,0
BRDA:203,8,1,0
BRDA:212,9,0,0
BRDA:212,9,1,0
BRDA:212,10,0,0
BRDA:212,10,1,0
BRDA:246,11,0,0
BRDA:246,11,1,0
BRDA:273,12,0,0
BRDA:273,12,1,0
BRDA:313,13,0,0
BRDA:313,14,0,0
BRDA:315,15,0,0
BRDA:315,15,1,0
BRDA:322,16,0,0
BRDA:322,16,1,0
BRDA:322,16,2,0
BRDA:322,16,3,0
BRDA:339,17,0,0
BRDA:339,17,1,0
BRDA:363,18,0,0
BRDA:363,18,1,0
BRDA:373,19,0,0
BRDA:373,19,1,0
BRDA:380,20,0,0
BRDA:380,20,1,0
BRDA:402,21,0,0
BRDA:402,21,1,0
BRDA:404,22,0,0
BRDA:404,22,1,0
BRDA:406,23,0,0
BRDA:406,23,1,0
BRDA:430,24,0,0
BRDA:431,25,0,0
BRDA:432,26,0,0
BRDA:434,27,0,0
BRDA:438,28,0,0
BRDA:438,28,1,0
BRDA:439,29,0,0
BRDA:439,29,1,0
BRDA:439,29,2,0
BRDA:439,29,3,0
BRDA:439,29,4,0
BRDA:439,29,5,0
BRDA:439,29,6,0
BRDA:439,29,7,0
BRDA:439,29,8,0
BRDA:455,30,0,0
BRDA:455,30,1,0
BRDA:456,31,0,0
BRDA:456,31,1,0
BRDA:462,32,0,0
BRDA:462,32,1,0
BRDA:467,33,0,0
BRDA:467,33,1,0
BRDA:467,34,0,0
BRDA:467,34,1,0
BRDA:467,34,2,0
BRDA:472,35,0,0
BRDA:472,35,1,0
BRDA:472,36,0,0
BRDA:472,36,1,0
BRDA:481,37,0,0
BRDA:481,37,1,0
BRDA:487,38,0,0
BRDA:487,38,1,0
BRDA:493,39,0,0
BRDA:493,39,1,0
BRDA:507,40,0,0
BRDA:507,40,1,0
BRDA:510,41,0,0
BRDA:510,41,1,0
BRDA:511,42,0,0
BRDA:511,42,1,0
BRDA:537,43,0,0
BRDA:537,43,1,0
BRDA:542,44,0,0
BRDA:542,44,1,0
BRDA:547,45,0,0
BRDA:547,45,1,0
BRDA:583,46,0,0
BRDA:583,46,1,0
BRDA:584,47,0,0
BRDA:584,47,1,0
BRDA:599,48,0,0
BRDA:599,48,1,0
BRDA:600,49,0,0
BRDA:600,49,1,0
BRDA:630,50,0,0
BRDA:630,50,1,0
BRDA:635,51,0,0
BRDA:635,51,1,0
BRDA:664,52,0,0
BRDA:666,53,0,0
BRDA:672,54,0,0
BRDA:672,54,1,0
BRDA:673,55,0,0
BRDA:673,55,1,0
BRDA:673,55,2,0
BRDA:673,55,3,0
BRDA:673,55,4,0
BRDA:673,55,5,0
BRDA:673,55,6,0
BRDA:687,56,0,0
BRDA:687,56,1,0
BRDA:688,57,0,0
BRDA:688,57,1,0
BRDA:692,58,0,0
BRDA:692,58,1,0
BRDA:695,59,0,0
BRDA:695,59,1,0
BRDA:695,60,0,0
BRDA:695,60,1,0
BRDA:704,61,0,0
BRDA:704,61,1,0
BRDA:704,62,0,0
BRDA:704,62,1,0
BRDA:712,63,0,0
BRDA:712,63,1,0
BRDA:717,64,0,0
BRDA:717,64,1,0
BRDA:717,65,0,0
BRDA:717,65,1,0
BRDA:726,66,0,0
BRDA:726,66,1,0
BRDA:741,67,0,0
BRDA:741,67,1,0
BRDA:756,68,0,0
BRDA:756,68,1,0
BRDA:764,69,0,0
BRDA:764,69,1,0
BRDA:787,70,0,0
BRDA:787,70,1,0
BRDA:904,71,0,0
BRDA:904,71,1,0
BRDA:916,72,0,0
BRDA:916,72,1,0
BRF:153
BRH:10
end_of_record
TN:
SF:controllers\ticket.controller.js
FN:7,(anonymous_0)
FN:128,(anonymous_1)
FN:192,(anonymous_2)
FN:212,(anonymous_3)
FN:250,(anonymous_4)
FN:274,(anonymous_5)
FN:302,(anonymous_6)
FN:323,(anonymous_7)
FNF:8
FNH:0
FNDA:0,(anonymous_0)
FNDA:0,(anonymous_1)
FNDA:0,(anonymous_2)
FNDA:0,(anonymous_3)
FNDA:0,(anonymous_4)
FNDA:0,(anonymous_5)
FNDA:0,(anonymous_6)
FNDA:0,(anonymous_7)
DA:1,4
DA:2,4
DA:3,4
DA:4,4
DA:7,4
DA:8,0
DA:9,0
DA:13,0
DA:14,0
DA:18,0
DA:19,0
DA:20,0
DA:23,0
DA:24,0
DA:27,0
DA:28,0
DA:31,0
DA:33,0
DA:34,0
DA:35,0
DA:38,0
DA:39,0
DA:42,0
DA:43,0
DA:46,0
DA:47,0
DA:52,0
DA:53,0
DA:62,0
DA:63,0
DA:64,0
DA:65,0
DA:68,0
DA:69,0
DA:70,0
DA:71,0
DA:73,0
DA:81,0
DA:82,0
DA:88,0
DA:95,0
DA:107,0
DA:117,0
DA:120,0
DA:123,0
DA:124,0
DA:128,4
DA:130,0
DA:132,0
DA:134,0
DA:135,0
DA:136,0
DA:138,0
DA:142,0
DA:143,0
DA:145,0
DA:147,0
DA:148,0
DA:149,0
DA:150,0
DA:153,0
DA:154,0
DA:155,0
DA:157,0
DA:158,0
DA:159,0
DA:160,0
DA:162,0
DA:164,0
DA:170,0
DA:174,0
DA:175,0
DA:176,0
DA:177,0
DA:183,0
DA:187,0
DA:188,0
DA:192,4
DA:194,0
DA:197,0
DA:199,0
DA:201,0
DA:202,0
DA:204,0
DA:207,0
DA:208,0
DA:212,4
DA:213,0
DA:214,0
DA:217,0
DA:218,0
DA:221,0
DA:222,0
DA:223,0
DA:224,0
DA:227,0
DA:228,0
DA:229,0
DA:232,0
DA:233,0
DA:236,0
DA:237,0
DA:240,0
DA:241,0
DA:243,0
DA:245,0
DA:246,0
DA:250,4
DA:251,0
DA:254,0
DA:255,0
DA:258,0
DA:259,0
DA:260,0
DA:261,0
DA:264,0
DA:265,0
DA:267,0
DA:269,0
DA:270,0
DA:274,4
DA:275,0
DA:278,0
DA:279,0
DA:282,0
DA:283,0
DA:284,0
DA:285,0
DA:288,0
DA:289,0
DA:292,0
DA:293,0
DA:295,0
DA:297,0
DA:298,0
DA:302,4
DA:303,0
DA:306,0
DA:307,0
DA:310,0
DA:311,0
DA:312,0
DA:313,0
DA:316,0
DA:318,0
DA:319,0
DA:323,4
DA:324,0
DA:326,0
DA:327,0
DA:328,0
DA:330,0
DA:331,0
DA:336,4
LF:154
LH:13
BRDA:13,0,0,0
BRDA:13,0,1,0
BRDA:13,1,0,0
BRDA:13,1,1,0
BRDA:19,2,0,0
BRDA:19,2,1,0
BRDA:19,3,0,0
BRDA:19,3,1,0
BRDA:23,4,0,0
BRDA:23,4,1,0
BRDA:23,5,0,0
BRDA:23,5,1,0
BRDA:23,5,2,0
BRDA:23,5,3,0
BRDA:27,6,0,0
BRDA:27,6,1,0
BRDA:27,7,0,0
BRDA:27,7,1,0
BRDA:33,8,0,0
BRDA:33,8,1,0
BRDA:34,9,0,0
BRDA:34,9,1,0
BRDA:38,10,0,0
BRDA:38,10,1,0
BRDA:42,11,0,0
BRDA:42,11,1,0
BRDA:46,12,0,0
BRDA:46,12,1,0
BRDA:46,13,0,0
BRDA:46,13,1,0
BRDA:52,14,0,0
BRDA:52,14,1,0
BRDA:84,15,0,0
BRDA:84,15,1,0
BRDA:84,16,0,0
BRDA:84,16,1,0
BRDA:142,17,0,0
BRDA:142,17,1,0
BRDA:142,18,0,0
BRDA:142,18,1,0
BRDA:145,19,0,0
BRDA:145,19,1,0
BRDA:154,20,0,0
BRDA:154,20,1,0
BRDA:157,21,0,0
BRDA:157,21,1,0
BRDA:175,22,0,0
BRDA:175,22,1,0
BRDA:201,23,0,0
BRDA:201,23,1,0
BRDA:217,24,0,0
BRDA:217,24,1,0
BRDA:217,25,0,0
BRDA:217,25,1,0
BRDA:223,26,0,0
BRDA:223,26,1,0
BRDA:228,27,0,0
BRDA:228,27,1,0
BRDA:232,28,0,0
BRDA:232,28,1,0
BRDA:236,29,0,0
BRDA:236,29,1,0
BRDA:254,30,0,0
BRDA:254,30,1,0
BRDA:254,31,0,0
BRDA:254,31,1,0
BRDA:260,32,0,0
BRDA:260,32,1,0
BRDA:278,33,0,0
BRDA:278,33,1,0
BRDA:278,34,0,0
BRDA:278,34,1,0
BRDA:284,35,0,0
BRDA:284,35,1,0
BRDA:288,36,0,0
BRDA:288,36,1,0
BRDA:306,37,0,0
BRDA:306,37,1,0
BRDA:306,38,0,0
BRDA:306,38,1,0
BRDA:312,39,0,0
BRDA:312,39,1,0
BRF:82
BRH:0
end_of_record
TN:
SF:controllers\users.controller.js
FN:9,(anonymous_0)
FN:49,(anonymous_1)
FN:70,(anonymous_2)
FN:79,(anonymous_3)
FN:95,(anonymous_4)
FN:129,(anonymous_5)
FN:164,(anonymous_6)
FN:186,(anonymous_7)
FN:202,(anonymous_8)
FN:216,(anonymous_9)
FN:240,(anonymous_10)
FN:264,(anonymous_11)
FN:277,(anonymous_12)
FNF:13
FNH:3
FNDA:0,(anonymous_0)
FNDA:2,(anonymous_1)
FNDA:2,(anonymous_2)
FNDA:11,(anonymous_3)
FNDA:0,(anonymous_4)
FNDA:0,(anonymous_5)
FNDA:0,(anonymous_6)
FNDA:0,(anonymous_7)
FNDA:0,(anonymous_8)
FNDA:0,(anonymous_9)
FNDA:0,(anonymous_10)
FNDA:0,(anonymous_11)
FNDA:0,(anonymous_12)
DA:1,4
DA:2,4
DA:3,4
DA:4,4
DA:5,4
DA:6,4
DA:7,4
DA:9,4
DA:10,0
DA:11,0
DA:12,0
DA:15,0
DA:16,0
DA:20,0
DA:21,0
DA:22,0
DA:26,0
DA:27,0
DA:28,0
DA:30,0
DA:32,0
DA:33,0
DA:37,0
DA:38,0
DA:40,0
DA:42,0
DA:45,0
DA:49,4
DA:50,2
DA:51,2
DA:53,2
DA:63,1
DA:66,1
DA:70,4
DA:71,2
DA:72,2
DA:74,1
DA:75,0
DA:79,11
DA:88,1
DA:91,1
DA:95,4
DA:96,0
DA:97,0
DA:98,0
DA:99,0
DA:102,0
DA:103,0
DA:107,0
DA:110,0
DA:111,0
DA:112,0
DA:113,0
DA:116,0
DA:117,0
DA:120,0
DA:121,0
DA:122,0
DA:125,0
DA:126,0
DA:129,0
DA:130,0
DA:137,0
DA:143,0
DA:144,0
DA:148,0
DA:157,0
DA:160,0
DA:164,4
DA:165,0
DA:166,0
DA:167,0
DA:169,0
DA:171,0
DA:172,0
DA:174,0
DA:177,0
DA:179,0
DA:182,0
DA:186,4
DA:187,0
DA:188,0
DA:189,0
DA:191,0
DA:192,0
DA:195,0
DA:198,0
DA:202,4
DA:203,0
DA:204,0
DA:206,0
DA:209,0
DA:211,0
DA:212,0
DA:216,4
DA:217,0
DA:218,0
DA:220,0
DA:223,0
DA:228,0
DA:229,0
DA:232,0
DA:234,0
DA:235,0
DA:240,4
DA:241,0
DA:243,0
DA:244,0
DA:247,0
DA:250,0
DA:256,0
DA:258,0
DA:259,0
DA:264,4
DA:265,0
DA:266,0
DA:268,0
DA:270,0
DA:272,0
DA:273,0
DA:277,4
DA:278,0
DA:279,0
DA:280,0
DA:283,0
DA:284,0
DA:285,0
DA:289,0
DA:295,0
DA:296,0
DA:298,0
DA:308,0
DA:312,4
LF:133
LH:30
BRDA:15,0,0,0
BRDA:15,0,1,0
BRDA:15,1,0,0
BRDA:15,1,1,0
BRDA:21,2,0,0
BRDA:21,2,1,0
BRDA:27,3,0,0
BRDA:27,3,1,0
BRDA:32,4,0,0
BRDA:32,4,1,0
BRDA:56,5,0,1
BRDA:56,5,1,0
BRDA:58,6,0,1
BRDA:58,6,1,0
BRDA:59,7,0,1
BRDA:59,7,1,0
BRDA:60,8,0,1
BRDA:60,8,1,0
BRDA:74,9,0,0
BRDA:74,9,1,1
BRDA:74,10,0,1
BRDA:74,10,1,1
BRDA:84,11,0,11
BRDA:84,11,1,7
BRDA:85,12,0,11
BRDA:85,12,1,4
BRDA:102,13,0,0
BRDA:102,13,1,0
BRDA:102,14,0,0
BRDA:102,14,1,0
BRDA:102,14,2,0
BRDA:102,14,3,0
BRDA:102,14,4,0
BRDA:102,14,5,0
BRDA:110,15,0,0
BRDA:110,15,1,0
BRDA:111,16,0,0
BRDA:111,16,1,0
BRDA:112,17,0,0
BRDA:112,17,1,0
BRDA:113,18,0,0
BRDA:113,18,1,0
BRDA:116,19,0,0
BRDA:116,19,1,0
BRDA:121,20,0,0
BRDA:121,20,1,0
BRDA:130,21,0,0
BRDA:130,21,1,0
BRDA:143,22,0,0
BRDA:143,22,1,0
BRDA:150,23,0,0
BRDA:150,23,1,0
BRDA:152,24,0,0
BRDA:152,24,1,0
BRDA:153,25,0,0
BRDA:153,25,1,0
BRDA:154,26,0,0
BRDA:154,26,1,0
BRDA:171,27,0,0
BRDA:171,27,1,0
BRDA:191,28,0,0
BRDA:191,28,1,0
BRDA:228,29,0,0
BRDA:228,29,1,0
BRDA:243,30,0,0
BRDA:243,30,1,0
BRDA:243,31,0,0
BRDA:243,31,1,0
BRDA:284,32,0,0
BRDA:284,32,1,0
BRDA:295,33,0,0
BRDA:295,33,1,0
BRDA:303,34,0,0
BRDA:303,34,1,0
BRDA:304,35,0,0
BRDA:304,35,1,0
BRF:76
BRH:11
end_of_record
TN:
SF:controllers\venue.controller.js
FN:3,(anonymous_0)
FN:13,(anonymous_1)
FN:36,(anonymous_2)
FN:62,(anonymous_3)
FN:77,(anonymous_4)
FNF:5
FNH:0
FNDA:0,(anonymous_0)
FNDA:0,(anonymous_1)
FNDA:0,(anonymous_2)
FNDA:0,(anonymous_3)
FNDA:0,(anonymous_4)
DA:1,4
DA:3,4
DA:4,0
DA:5,0
DA:6,0
DA:8,0
DA:9,0
DA:13,4
DA:14,0
DA:15,0
DA:16,0
DA:18,0
DA:24,0
DA:25,0
DA:28,0
DA:31,0
DA:32,0
DA:36,4
DA:37,0
DA:38,0
DA:39,0
DA:40,0
DA:43,0
DA:49,0
DA:50,0
DA:52,0
DA:54,0
DA:56,0
DA:57,0
DA:62,4
DA:63,0
DA:64,0
DA:65,0
DA:66,0
DA:67,0
DA:69,0
DA:72,0
DA:73,0
DA:77,4
DA:78,0
DA:79,0
DA:80,0
DA:81,0
DA:82,0
DA:84,0
DA:87,0
DA:88,0
DA:93,4
LF:48
LH:7
BRDA:24,0,0,0
BRDA:24,0,1,0
BRDA:39,1,0,0
BRDA:39,1,1,0
BRDA:39,2,0,0
BRDA:39,2,1,0
BRDA:52,3,0,0
BRDA:52,3,1,0
BRDA:66,4,0,0
BRDA:66,4,1,0
BRDA:81,5,0,0
BRDA:81,5,1,0
BRF:12
BRH:0
end_of_record
TN:
SF:middlewares\protect.middleware.js
FN:4,(anonymous_0)
FNF:1
FNH:1
FNDA:6,(anonymous_0)
DA:1,4
DA:2,4
DA:4,4
DA:5,6
DA:8,6
DA:9,6
DA:10,5
DA:12,1
DA:13,0
DA:16,6
DA:17,1
DA:21,5
DA:22,5
DA:23,0
DA:27,5
DA:28,5
DA:29,0
DA:33,5
DA:34,5
DA:37,0
DA:38,0
DA:42,4
LF:22
LH:17
BRDA:9,0,0,5
BRDA:9,0,1,1
BRDA:9,1,0,6
BRDA:9,1,1,5
BRDA:12,2,0,0
BRDA:12,2,1,1
BRDA:12,3,0,1
BRDA:12,3,1,1
BRDA:16,4,0,1
BRDA:16,4,1,5
BRDA:22,5,0,0
BRDA:22,5,1,5
BRDA:28,6,0,0
BRDA:28,6,1,5
BRF:14
BRH:11
end_of_record
TN:
SF:models\event.model.js
FNF:0
FNH:0
DA:1,4
DA:2,4
DA:4,4
DA:114,4
LF:4
LH:4
BRF:0
BRH:0
end_of_record
TN:
SF:models\eventCategory.model.js
FNF:0
FNH:0
DA:1,4
DA:3,4
DA:14,4
LF:3
LH:3
BRF:0
BRH:0
end_of_record
TN:
SF:models\notification.model.js
FNF:0
FNH:0
DA:1,4
DA:2,4
DA:4,4
DA:28,4
LF:4
LH:4
BRF:0
BRH:0
end_of_record
TN:
SF:models\ticket.model.js
FNF:0
FNH:0
DA:1,4
DA:2,4
DA:4,4
DA:51,4
LF:4
LH:4
BRF:0
BRH:0
end_of_record
TN:
SF:models\user.model.js
FNF:0
FNH:0
DA:1,4
DA:2,4
DA:4,4
DA:49,4
LF:4
LH:4
BRF:0
BRH:0
end_of_record
TN:
SF:models\userpreference.model.js
FNF:0
FNH:0
DA:1,4
DA:2,4
DA:4,4
DA:18,4
LF:4
LH:4
BRF:0
BRH:0
end_of_record
TN:
SF:models\venue.model.js
FN:15,(anonymous_0)
FNF:1
FNH:0
FNDA:0,(anonymous_0)
DA:1,4
DA:2,4
DA:4,4
DA:16,0
DA:33,4
LF:5
LH:4
BRF:0
BRH:0
end_of_record
TN:
SF:routes\auth.route.js
FNF:0
FNH:0
DA:1,4
DA:2,4
DA:3,4
DA:6,4
DA:7,4
DA:8,4
DA:9,4
DA:10,4
DA:11,4
DA:13,4
LF:10
LH:10
BRF:0
BRH:0
end_of_record
TN:
SF:routes\category.route.js
FNF:0
FNH:0
DA:1,4
DA:2,4
DA:8,4
DA:10,4
DA:12,4
DA:15,4
DA:18,4
DA:21,4
DA:24,4
DA:26,4
LF:10
LH:10
BRF:0
BRH:0
end_of_record
TN:
SF:routes\event.route.js
FNF:0
FNH:0
DA:1,4
DA:2,4
DA:3,4
DA:4,4
DA:5,4
DA:8,4
DA:9,4
DA:10,4
DA:11,4
DA:12,4
DA:13,4
DA:14,4
DA:15,4
DA:18,4
DA:19,4
DA:20,4
DA:22,4
DA:23,4
DA:24,4
DA:26,4
DA:31,4
DA:32,4
DA:34,4
LF:23
LH:23
BRF:0
BRH:0
end_of_record
TN:
SF:routes\ticket.route.js
FNF:0
FNH:0
DA:1,4
DA:2,4
DA:3,4
DA:4,4
DA:6,4
DA:8,4
DA:10,4
DA:12,4
DA:14,4
DA:16,4
DA:18,4
LF:11
LH:11
BRF:0
BRH:0
end_of_record
TN:
SF:routes\user.route.js
FNF:0
FNH:0
DA:1,4
DA:2,4
DA:3,4
DA:5,4
DA:6,4
DA:8,4
DA:10,4
DA:12,4
DA:14,4
DA:16,4
DA:18,4
DA:20,4
DA:22,4
DA:24,4
DA:26,4
DA:28,4
DA:31,4
LF:17
LH:17
BRF:0
BRH:0
end_of_record
TN:
SF:routes\venue.route.js
FNF:0
FNH:0
DA:1,4
DA:2,4
DA:9,4
DA:11,4
DA:12,4
DA:13,4
DA:14,4
DA:15,4
DA:16,4
DA:18,4
LF:10
LH:10
BRF:0
BRH:0
end_of_record
TN:
SF:test\login.js
FN:3,getUserToken
FNF:1
FNH:1
FNDA:4,getUserToken
DA:1,3
DA:2,3
DA:4,4
DA:8,4
DA:11,3
LF:5
LH:5
BRF:0
BRH:0
end_of_record
TN:
SF:utils\azureBlob.js
FN:12,(anonymous_0)
FNF:1
FNH:0
FNDA:0,(anonymous_0)
DA:2,4
DA:3,4
DA:4,4
DA:6,4
DA:7,4
DA:9,4
DA:10,4
DA:12,4
DA:13,0
DA:14,0
DA:16,0
DA:17,0
DA:19,0
DA:21,0
DA:22,0
DA:26,4
LF:16
LH:9
BRF:0
BRH:0
end_of_record
TN:
SF:utils\generateToken.js
FN:3,(anonymous_0)
FNF:1
FNH:1
FNDA:6,(anonymous_0)
DA:1,4
DA:3,4
DA:4,6
DA:8,6
DA:15,6
DA:18,4
LF:6
LH:6
BRF:0
BRH:0
end_of_record
TN:
SF:utils\multerConfig.js
FN:5,(anonymous_0)
FN:9,(anonymous_1)
FN:14,(anonymous_2)
FNF:3
FNH:0
FNDA:0,(anonymous_0)
FNDA:0,(anonymous_1)
FNDA:0,(anonymous_2)
DA:1,4
DA:2,4
DA:4,4
DA:6,0
DA:7,0
DA:10,0
DA:14,4
DA:15,0
DA:16,0
DA:18,0
DA:22,4
DA:27,4
LF:12
LH:6
BRDA:15,0,0,0
BRDA:15,0,1,0
BRF:2
BRH:0
end_of_record
TN:
SF:utils\nodemail.util.js
FN:15,(anonymous_0)
FN:33,(anonymous_1)
FNF:2
FNH:0
FNDA:0,(anonymous_0)
FNDA:0,(anonymous_1)
DA:1,4
DA:2,4
DA:3,4
DA:5,4
DA:15,4
DA:16,0
DA:23,0
DA:24,0
DA:25,0
DA:27,0
DA:28,0
DA:33,4
DA:34,0
DA:35,0
DA:36,0
DA:38,0
DA:39,0
DA:45,4
LF:18
LH:7
BRDA:38,0,0,0
BRDA:38,0,1,0
BRDA:38,1,0,0
BRDA:38,1,1,0
BRF:4
BRH:0
end_of_record
TN:
SF:utils\notifyAttendees.js
FN:5,(anonymous_0)
FN:16,(anonymous_1)
FN:24,(anonymous_2)
FNF:3
FNH:0
FNDA:0,(anonymous_0)
FNDA:0,(anonymous_1)
FNDA:0,(anonymous_2)
DA:1,4
DA:2,4
DA:3,4
DA:5,4
DA:6,0
DA:8,0
DA:10,0
DA:11,0
DA:12,0
DA:16,0
DA:24,0
DA:26,0
DA:29,0
DA:33,0
DA:36,0
DA:38,0
DA:40,0
DA:44,4
LF:18
LH:5
BRDA:10,0,0,0
BRDA:10,0,1,0
BRF:2
BRH:0
end_of_record
